[10-Apr-2025 01:39:08 UTC] PHP Warning:  Undefined variable $theme_uri in /opt/lampp/htdocs/wpdev/wp-content/themes/aistudio/index.php on line 9
[10-Apr-2025 01:39:08 UTC] PHP Warning:  Undefined variable $theme_uri in /opt/lampp/htdocs/wpdev/wp-content/themes/aistudio/index.php on line 10
[10-Apr-2025 01:39:08 UTC] PHP Warning:  Undefined variable $theme_uri in /opt/lampp/htdocs/wpdev/wp-content/themes/aistudio/index.php on line 11
[10-Apr-2025 01:43:56 UTC] PHP Warning:  Undefined variable $theme_uri in /opt/lampp/htdocs/wpdev/wp-content/themes/aistudio/index.php on line 9
[10-Apr-2025 01:43:56 UTC] PHP Warning:  Undefined variable $theme_uri in /opt/lampp/htdocs/wpdev/wp-content/themes/aistudio/index.php on line 10
[10-Apr-2025 01:43:56 UTC] PHP Warning:  Undefined variable $theme_uri in /opt/lampp/htdocs/wpdev/wp-content/themes/aistudio/index.php on line 11
[10-Apr-2025 01:43:59 UTC] PHP Warning:  Undefined variable $theme_uri in /opt/lampp/htdocs/wpdev/wp-content/themes/aistudio/index.php on line 9
[10-Apr-2025 01:43:59 UTC] PHP Warning:  Undefined variable $theme_uri in /opt/lampp/htdocs/wpdev/wp-content/themes/aistudio/index.php on line 10
[10-Apr-2025 01:43:59 UTC] PHP Warning:  Undefined variable $theme_uri in /opt/lampp/htdocs/wpdev/wp-content/themes/aistudio/index.php on line 11
[10-Apr-2025 01:44:14 UTC] PHP Warning:  Undefined variable $theme_uri in /opt/lampp/htdocs/wpdev/wp-content/themes/aistudio/index.php on line 9
[10-Apr-2025 01:44:14 UTC] PHP Warning:  Undefined variable $theme_uri in /opt/lampp/htdocs/wpdev/wp-content/themes/aistudio/index.php on line 10
[10-Apr-2025 01:44:14 UTC] PHP Warning:  Undefined variable $theme_uri in /opt/lampp/htdocs/wpdev/wp-content/themes/aistudio/index.php on line 11
[10-Apr-2025 01:45:59 UTC] PHP Warning:  Undefined variable $theme_uri in /opt/lampp/htdocs/wpdev/wp-content/themes/aistudio/index.php on line 9
[10-Apr-2025 01:45:59 UTC] PHP Warning:  Undefined variable $theme_uri in /opt/lampp/htdocs/wpdev/wp-content/themes/aistudio/index.php on line 10
[10-Apr-2025 01:45:59 UTC] PHP Warning:  Undefined variable $theme_uri in /opt/lampp/htdocs/wpdev/wp-content/themes/aistudio/index.php on line 11
[10-Apr-2025 01:54:01 UTC] PHP Warning:  translations_api(): Đã xảy ra lỗi không mong muốn. Có thể có sự cố với WordPress.org hoặc cấu hình của máy chủ. Nếu bạn tiếp tục gặp sự cố, vui lòng thử hỏi trong <a href="https://wordpress.org/support/forums/">diễn đàn hỗ trợ</a>. (WordPress không thể thiết lập kết nối an toàn tới WordPress.org. Vui lòng liên hệ quản trị máy chủ của bạn.) in /opt/lampp/htdocs/wpdev/wp-includes/functions.php on line 6114
[10-Apr-2025 02:17:25 UTC] PHP Fatal error:  Uncaught Error: Call to undefined function get_nav_locations() in /opt/lampp/htdocs/wpdev/wp-content/themes/aistudio/header.php:3
Stack trace:
#0 /opt/lampp/htdocs/wpdev/wp-includes/template.php(810): require_once()
#1 /opt/lampp/htdocs/wpdev/wp-includes/template.php(745): load_template('/opt/lampp/htdo...', true, Array)
#2 /opt/lampp/htdocs/wpdev/wp-includes/general-template.php(48): locate_template(Array, true, true, Array)
#3 /opt/lampp/htdocs/wpdev/wp-content/themes/aistudio/index.php(18): get_header()
#4 /opt/lampp/htdocs/wpdev/wp-includes/template-loader.php(106): include('/opt/lampp/htdo...')
#5 /opt/lampp/htdocs/wpdev/wp-blog-header.php(19): require_once('/opt/lampp/htdo...')
#6 /opt/lampp/htdocs/wpdev/index.php(17): require('/opt/lampp/htdo...')
#7 {main}
  thrown in /opt/lampp/htdocs/wpdev/wp-content/themes/aistudio/header.php on line 3
[10-Apr-2025 02:21:24 UTC] PHP Warning:  Undefined array key 3 in /opt/lampp/htdocs/wpdev/wp-content/themes/aistudio/header.php on line 4
[10-Apr-2025 02:21:57 UTC] PHP Warning:  Undefined array key 3 in /opt/lampp/htdocs/wpdev/wp-content/themes/aistudio/header.php on line 4
[10-Apr-2025 02:36:40 UTC] PHP Fatal error:  Uncaught Error: Array callback must have exactly two elements in /opt/lampp/htdocs/wpdev/wp-content/themes/aistudio/header.php:6
Stack trace:
#0 /opt/lampp/htdocs/wpdev/wp-includes/template.php(810): require_once()
#1 /opt/lampp/htdocs/wpdev/wp-includes/template.php(745): load_template('/opt/lampp/htdo...', true, Array)
#2 /opt/lampp/htdocs/wpdev/wp-includes/general-template.php(48): locate_template(Array, true, true, Array)
#3 /opt/lampp/htdocs/wpdev/wp-content/themes/aistudio/index.php(18): get_header()
#4 /opt/lampp/htdocs/wpdev/wp-includes/template-loader.php(106): include('/opt/lampp/htdo...')
#5 /opt/lampp/htdocs/wpdev/wp-blog-header.php(19): require_once('/opt/lampp/htdo...')
#6 /opt/lampp/htdocs/wpdev/index.php(17): require('/opt/lampp/htdo...')
#7 {main}
  thrown in /opt/lampp/htdocs/wpdev/wp-content/themes/aistudio/header.php on line 6
[10-Apr-2025 02:38:14 UTC] PHP Fatal error:  Uncaught Error: Array callback must have exactly two elements in /opt/lampp/htdocs/wpdev/wp-content/themes/aistudio/header.php:6
Stack trace:
#0 /opt/lampp/htdocs/wpdev/wp-includes/template.php(810): require_once()
#1 /opt/lampp/htdocs/wpdev/wp-includes/template.php(745): load_template('/opt/lampp/htdo...', true, Array)
#2 /opt/lampp/htdocs/wpdev/wp-includes/general-template.php(48): locate_template(Array, true, true, Array)
#3 /opt/lampp/htdocs/wpdev/wp-content/themes/aistudio/index.php(18): get_header()
#4 /opt/lampp/htdocs/wpdev/wp-includes/template-loader.php(106): include('/opt/lampp/htdo...')
#5 /opt/lampp/htdocs/wpdev/wp-blog-header.php(19): require_once('/opt/lampp/htdo...')
#6 /opt/lampp/htdocs/wpdev/index.php(17): require('/opt/lampp/htdo...')
#7 {main}
  thrown in /opt/lampp/htdocs/wpdev/wp-content/themes/aistudio/header.php on line 6
[10-Apr-2025 02:38:18 UTC] PHP Fatal error:  Uncaught Error: Array callback must have exactly two elements in /opt/lampp/htdocs/wpdev/wp-content/themes/aistudio/header.php:6
Stack trace:
#0 /opt/lampp/htdocs/wpdev/wp-includes/template.php(810): require_once()
#1 /opt/lampp/htdocs/wpdev/wp-includes/template.php(745): load_template('/opt/lampp/htdo...', true, Array)
#2 /opt/lampp/htdocs/wpdev/wp-includes/general-template.php(48): locate_template(Array, true, true, Array)
#3 /opt/lampp/htdocs/wpdev/wp-content/themes/aistudio/index.php(18): get_header()
#4 /opt/lampp/htdocs/wpdev/wp-includes/template-loader.php(106): include('/opt/lampp/htdo...')
#5 /opt/lampp/htdocs/wpdev/wp-blog-header.php(19): require_once('/opt/lampp/htdo...')
#6 /opt/lampp/htdocs/wpdev/index.php(17): require('/opt/lampp/htdo...')
#7 {main}
  thrown in /opt/lampp/htdocs/wpdev/wp-content/themes/aistudio/header.php on line 6
[10-Apr-2025 02:46:51 UTC] PHP Fatal error:  Uncaught Error: Cannot use object of type WP_Post as array in /opt/lampp/htdocs/wpdev/wp-content/themes/aistudio/header.php:27
Stack trace:
#0 /opt/lampp/htdocs/wpdev/wp-includes/template.php(810): require_once()
#1 /opt/lampp/htdocs/wpdev/wp-includes/template.php(745): load_template('/opt/lampp/htdo...', true, Array)
#2 /opt/lampp/htdocs/wpdev/wp-includes/general-template.php(48): locate_template(Array, true, true, Array)
#3 /opt/lampp/htdocs/wpdev/wp-content/themes/aistudio/index.php(18): get_header()
#4 /opt/lampp/htdocs/wpdev/wp-includes/template-loader.php(106): include('/opt/lampp/htdo...')
#5 /opt/lampp/htdocs/wpdev/wp-blog-header.php(19): require_once('/opt/lampp/htdo...')
#6 /opt/lampp/htdocs/wpdev/index.php(17): require('/opt/lampp/htdo...')
#7 {main}
  thrown in /opt/lampp/htdocs/wpdev/wp-content/themes/aistudio/header.php on line 27
[10-Apr-2025 02:47:04 UTC] PHP Fatal error:  Uncaught Error: Cannot use object of type WP_Post as array in /opt/lampp/htdocs/wpdev/wp-content/themes/aistudio/header.php:27
Stack trace:
#0 /opt/lampp/htdocs/wpdev/wp-includes/template.php(810): require_once()
#1 /opt/lampp/htdocs/wpdev/wp-includes/template.php(745): load_template('/opt/lampp/htdo...', true, Array)
#2 /opt/lampp/htdocs/wpdev/wp-includes/general-template.php(48): locate_template(Array, true, true, Array)
#3 /opt/lampp/htdocs/wpdev/wp-content/themes/aistudio/index.php(18): get_header()
#4 /opt/lampp/htdocs/wpdev/wp-includes/template-loader.php(106): include('/opt/lampp/htdo...')
#5 /opt/lampp/htdocs/wpdev/wp-blog-header.php(19): require_once('/opt/lampp/htdo...')
#6 /opt/lampp/htdocs/wpdev/index.php(17): require('/opt/lampp/htdo...')
#7 {main}
  thrown in /opt/lampp/htdocs/wpdev/wp-content/themes/aistudio/header.php on line 27
[10-Apr-2025 02:47:09 UTC] PHP Fatal error:  Uncaught Error: Cannot use object of type WP_Post as array in /opt/lampp/htdocs/wpdev/wp-content/themes/aistudio/header.php:27
Stack trace:
#0 /opt/lampp/htdocs/wpdev/wp-includes/template.php(810): require_once()
#1 /opt/lampp/htdocs/wpdev/wp-includes/template.php(745): load_template('/opt/lampp/htdo...', true, Array)
#2 /opt/lampp/htdocs/wpdev/wp-includes/general-template.php(48): locate_template(Array, true, true, Array)
#3 /opt/lampp/htdocs/wpdev/wp-content/themes/aistudio/index.php(18): get_header()
#4 /opt/lampp/htdocs/wpdev/wp-includes/template-loader.php(106): include('/opt/lampp/htdo...')
#5 /opt/lampp/htdocs/wpdev/wp-blog-header.php(19): require_once('/opt/lampp/htdo...')
#6 /opt/lampp/htdocs/wpdev/index.php(17): require('/opt/lampp/htdo...')
#7 {main}
  thrown in /opt/lampp/htdocs/wpdev/wp-content/themes/aistudio/header.php on line 27
[10-Apr-2025 02:47:28 UTC] PHP Fatal error:  Uncaught Error: Cannot use object of type WP_Post as array in /opt/lampp/htdocs/wpdev/wp-content/themes/aistudio/header.php:27
Stack trace:
#0 /opt/lampp/htdocs/wpdev/wp-includes/template.php(810): require_once()
#1 /opt/lampp/htdocs/wpdev/wp-includes/template.php(745): load_template('/opt/lampp/htdo...', true, Array)
#2 /opt/lampp/htdocs/wpdev/wp-includes/general-template.php(48): locate_template(Array, true, true, Array)
#3 /opt/lampp/htdocs/wpdev/wp-content/themes/aistudio/index.php(18): get_header()
#4 /opt/lampp/htdocs/wpdev/wp-includes/template-loader.php(106): include('/opt/lampp/htdo...')
#5 /opt/lampp/htdocs/wpdev/wp-blog-header.php(19): require_once('/opt/lampp/htdo...')
#6 /opt/lampp/htdocs/wpdev/index.php(17): require('/opt/lampp/htdo...')
#7 {main}
  thrown in /opt/lampp/htdocs/wpdev/wp-content/themes/aistudio/header.php on line 27
[10-Apr-2025 02:49:36 UTC] PHP Fatal error:  Uncaught Error: Cannot use object of type WP_Post as array in /opt/lampp/htdocs/wpdev/wp-content/themes/aistudio/header.php:27
Stack trace:
#0 /opt/lampp/htdocs/wpdev/wp-includes/template.php(810): require_once()
#1 /opt/lampp/htdocs/wpdev/wp-includes/template.php(745): load_template('/opt/lampp/htdo...', true, Array)
#2 /opt/lampp/htdocs/wpdev/wp-includes/general-template.php(48): locate_template(Array, true, true, Array)
#3 /opt/lampp/htdocs/wpdev/wp-content/themes/aistudio/index.php(18): get_header()
#4 /opt/lampp/htdocs/wpdev/wp-includes/template-loader.php(106): include('/opt/lampp/htdo...')
#5 /opt/lampp/htdocs/wpdev/wp-blog-header.php(19): require_once('/opt/lampp/htdo...')
#6 /opt/lampp/htdocs/wpdev/index.php(17): require('/opt/lampp/htdo...')
#7 {main}
  thrown in /opt/lampp/htdocs/wpdev/wp-content/themes/aistudio/header.php on line 27
[10-Apr-2025 03:20:30 UTC] PHP Warning:  Undefined variable $arrMenuChildCurrent in /opt/lampp/htdocs/wpdev/wp-content/themes/aistudio/header.php on line 41
[10-Apr-2025 03:20:30 UTC] PHP Fatal error:  Uncaught TypeError: count(): Argument #1 ($value) must be of type Countable|array, null given in /opt/lampp/htdocs/wpdev/wp-content/themes/aistudio/header.php:41
Stack trace:
#0 /opt/lampp/htdocs/wpdev/wp-includes/template.php(810): require_once()
#1 /opt/lampp/htdocs/wpdev/wp-includes/template.php(745): load_template('/opt/lampp/htdo...', true, Array)
#2 /opt/lampp/htdocs/wpdev/wp-includes/general-template.php(48): locate_template(Array, true, true, Array)
#3 /opt/lampp/htdocs/wpdev/wp-content/themes/aistudio/index.php(18): get_header()
#4 /opt/lampp/htdocs/wpdev/wp-includes/template-loader.php(106): include('/opt/lampp/htdo...')
#5 /opt/lampp/htdocs/wpdev/wp-blog-header.php(19): require_once('/opt/lampp/htdo...')
#6 /opt/lampp/htdocs/wpdev/index.php(17): require('/opt/lampp/htdo...')
#7 {main}
  thrown in /opt/lampp/htdocs/wpdev/wp-content/themes/aistudio/header.php on line 41
[10-Apr-2025 04:29:52 UTC] PHP Warning:  Undefined variable $filtered_item in /opt/lampp/htdocs/wpdev/wp-content/themes/aistudio/header.php on line 126
[10-Apr-2025 04:29:52 UTC] PHP Warning:  foreach() argument must be of type array|object, null given in /opt/lampp/htdocs/wpdev/wp-content/themes/aistudio/header.php on line 126
[10-Apr-2025 04:29:52 UTC] PHP Warning:  Undefined variable $filtered_item in /opt/lampp/htdocs/wpdev/wp-content/themes/aistudio/header.php on line 126
[10-Apr-2025 04:29:52 UTC] PHP Warning:  foreach() argument must be of type array|object, null given in /opt/lampp/htdocs/wpdev/wp-content/themes/aistudio/header.php on line 126
[10-Apr-2025 07:19:51 UTC] PHP Warning:  translations_api(): Đã xảy ra lỗi không mong muốn. Có thể có sự cố với WordPress.org hoặc cấu hình của máy chủ. Nếu bạn tiếp tục gặp sự cố, vui lòng thử hỏi trong <a href="https://wordpress.org/support/forums/">diễn đàn hỗ trợ</a>. (WordPress không thể thiết lập kết nối an toàn tới WordPress.org. Vui lòng liên hệ quản trị máy chủ của bạn.) in /opt/lampp/htdocs/wpdev/wp-includes/functions.php on line 6114
[10-Apr-2025 07:19:57 UTC] PHP Warning:  translations_api(): Đã xảy ra lỗi không mong muốn. Có thể có sự cố với WordPress.org hoặc cấu hình của máy chủ. Nếu bạn tiếp tục gặp sự cố, vui lòng thử hỏi trong <a href="https://wordpress.org/support/forums/">diễn đàn hỗ trợ</a>. (WordPress không thể thiết lập kết nối an toàn tới WordPress.org. Vui lòng liên hệ quản trị máy chủ của bạn.) in /opt/lampp/htdocs/wpdev/wp-includes/functions.php on line 6114
[10-Apr-2025 07:20:07 UTC] PHP Warning:  translations_api(): Đã xảy ra lỗi không mong muốn. Có thể có sự cố với WordPress.org hoặc cấu hình của máy chủ. Nếu bạn tiếp tục gặp sự cố, vui lòng thử hỏi trong <a href="https://wordpress.org/support/forums/">diễn đàn hỗ trợ</a>. (WordPress không thể thiết lập kết nối an toàn tới WordPress.org. Vui lòng liên hệ quản trị máy chủ của bạn.) in /opt/lampp/htdocs/wpdev/wp-includes/functions.php on line 6114
[10-Apr-2025 07:22:58 UTC] PHP Notice:  Function add_theme_support( 'post-formats' ) được gọi <strong>không chính xác</strong>. Bạn cần truyền vào array của các định dạng bài viết. Vui lòng xem <a href="https://developer.wordpress.org/advanced-administration/debug/debug-wordpress/">Hướng dẫn Debug trong WordPress</a> để biết thêm thông tin. (Thông điệp này đã được thêm vào trong phiên bản 5.6.0.) in /opt/lampp/htdocs/wpdev/wp-includes/functions.php on line 6114
[10-Apr-2025 07:22:59 UTC] PHP Notice:  Function add_theme_support( 'post-formats' ) được gọi <strong>không chính xác</strong>. Bạn cần truyền vào array của các định dạng bài viết. Vui lòng xem <a href="https://developer.wordpress.org/advanced-administration/debug/debug-wordpress/">Hướng dẫn Debug trong WordPress</a> để biết thêm thông tin. (Thông điệp này đã được thêm vào trong phiên bản 5.6.0.) in /opt/lampp/htdocs/wpdev/wp-includes/functions.php on line 6114
[10-Apr-2025 07:24:00 UTC] PHP Notice:  Function add_theme_support( 'post-formats' ) được gọi <strong>không chính xác</strong>. Bạn cần truyền vào array của các định dạng bài viết. Vui lòng xem <a href="https://developer.wordpress.org/advanced-administration/debug/debug-wordpress/">Hướng dẫn Debug trong WordPress</a> để biết thêm thông tin. (Thông điệp này đã được thêm vào trong phiên bản 5.6.0.) in /opt/lampp/htdocs/wpdev/wp-includes/functions.php on line 6114
[10-Apr-2025 07:25:54 UTC] PHP Notice:  Function add_theme_support( 'post-formats' ) được gọi <strong>không chính xác</strong>. Bạn cần truyền vào array của các định dạng bài viết. Vui lòng xem <a href="https://developer.wordpress.org/advanced-administration/debug/debug-wordpress/">Hướng dẫn Debug trong WordPress</a> để biết thêm thông tin. (Thông điệp này đã được thêm vào trong phiên bản 5.6.0.) in /opt/lampp/htdocs/wpdev/wp-includes/functions.php on line 6114
[10-Apr-2025 07:26:39 UTC] PHP Notice:  Function add_theme_support( 'post-formats' ) được gọi <strong>không chính xác</strong>. Bạn cần truyền vào array của các định dạng bài viết. Vui lòng xem <a href="https://developer.wordpress.org/advanced-administration/debug/debug-wordpress/">Hướng dẫn Debug trong WordPress</a> để biết thêm thông tin. (Thông điệp này đã được thêm vào trong phiên bản 5.6.0.) in /opt/lampp/htdocs/wpdev/wp-includes/functions.php on line 6114
[10-Apr-2025 07:26:40 UTC] PHP Notice:  Function add_theme_support( 'post-formats' ) được gọi <strong>không chính xác</strong>. Bạn cần truyền vào array của các định dạng bài viết. Vui lòng xem <a href="https://developer.wordpress.org/advanced-administration/debug/debug-wordpress/">Hướng dẫn Debug trong WordPress</a> để biết thêm thông tin. (Thông điệp này đã được thêm vào trong phiên bản 5.6.0.) in /opt/lampp/htdocs/wpdev/wp-includes/functions.php on line 6114
[10-Apr-2025 07:26:40 UTC] PHP Notice:  Function add_theme_support( 'post-formats' ) được gọi <strong>không chính xác</strong>. Bạn cần truyền vào array của các định dạng bài viết. Vui lòng xem <a href="https://developer.wordpress.org/advanced-administration/debug/debug-wordpress/">Hướng dẫn Debug trong WordPress</a> để biết thêm thông tin. (Thông điệp này đã được thêm vào trong phiên bản 5.6.0.) in /opt/lampp/htdocs/wpdev/wp-includes/functions.php on line 6114
[10-Apr-2025 07:26:41 UTC] PHP Notice:  Function add_theme_support( 'post-formats' ) được gọi <strong>không chính xác</strong>. Bạn cần truyền vào array của các định dạng bài viết. Vui lòng xem <a href="https://developer.wordpress.org/advanced-administration/debug/debug-wordpress/">Hướng dẫn Debug trong WordPress</a> để biết thêm thông tin. (Thông điệp này đã được thêm vào trong phiên bản 5.6.0.) in /opt/lampp/htdocs/wpdev/wp-includes/functions.php on line 6114
[10-Apr-2025 07:26:42 UTC] PHP Notice:  Function add_theme_support( 'post-formats' ) được gọi <strong>không chính xác</strong>. Bạn cần truyền vào array của các định dạng bài viết. Vui lòng xem <a href="https://developer.wordpress.org/advanced-administration/debug/debug-wordpress/">Hướng dẫn Debug trong WordPress</a> để biết thêm thông tin. (Thông điệp này đã được thêm vào trong phiên bản 5.6.0.) in /opt/lampp/htdocs/wpdev/wp-includes/functions.php on line 6114
[10-Apr-2025 07:26:43 UTC] PHP Notice:  Function add_theme_support( 'post-formats' ) được gọi <strong>không chính xác</strong>. Bạn cần truyền vào array của các định dạng bài viết. Vui lòng xem <a href="https://developer.wordpress.org/advanced-administration/debug/debug-wordpress/">Hướng dẫn Debug trong WordPress</a> để biết thêm thông tin. (Thông điệp này đã được thêm vào trong phiên bản 5.6.0.) in /opt/lampp/htdocs/wpdev/wp-includes/functions.php on line 6114
[10-Apr-2025 07:26:44 UTC] PHP Notice:  Function add_theme_support( 'post-formats' ) được gọi <strong>không chính xác</strong>. Bạn cần truyền vào array của các định dạng bài viết. Vui lòng xem <a href="https://developer.wordpress.org/advanced-administration/debug/debug-wordpress/">Hướng dẫn Debug trong WordPress</a> để biết thêm thông tin. (Thông điệp này đã được thêm vào trong phiên bản 5.6.0.) in /opt/lampp/htdocs/wpdev/wp-includes/functions.php on line 6114
[10-Apr-2025 07:26:44 UTC] PHP Notice:  Function add_theme_support( 'post-formats' ) được gọi <strong>không chính xác</strong>. Bạn cần truyền vào array của các định dạng bài viết. Vui lòng xem <a href="https://developer.wordpress.org/advanced-administration/debug/debug-wordpress/">Hướng dẫn Debug trong WordPress</a> để biết thêm thông tin. (Thông điệp này đã được thêm vào trong phiên bản 5.6.0.) in /opt/lampp/htdocs/wpdev/wp-includes/functions.php on line 6114
[10-Apr-2025 07:26:45 UTC] PHP Notice:  Function add_theme_support( 'post-formats' ) được gọi <strong>không chính xác</strong>. Bạn cần truyền vào array của các định dạng bài viết. Vui lòng xem <a href="https://developer.wordpress.org/advanced-administration/debug/debug-wordpress/">Hướng dẫn Debug trong WordPress</a> để biết thêm thông tin. (Thông điệp này đã được thêm vào trong phiên bản 5.6.0.) in /opt/lampp/htdocs/wpdev/wp-includes/functions.php on line 6114
[10-Apr-2025 07:26:45 UTC] PHP Notice:  Function add_theme_support( 'post-formats' ) được gọi <strong>không chính xác</strong>. Bạn cần truyền vào array của các định dạng bài viết. Vui lòng xem <a href="https://developer.wordpress.org/advanced-administration/debug/debug-wordpress/">Hướng dẫn Debug trong WordPress</a> để biết thêm thông tin. (Thông điệp này đã được thêm vào trong phiên bản 5.6.0.) in /opt/lampp/htdocs/wpdev/wp-includes/functions.php on line 6114
[10-Apr-2025 07:26:47 UTC] PHP Notice:  Function add_theme_support( 'post-formats' ) được gọi <strong>không chính xác</strong>. Bạn cần truyền vào array của các định dạng bài viết. Vui lòng xem <a href="https://developer.wordpress.org/advanced-administration/debug/debug-wordpress/">Hướng dẫn Debug trong WordPress</a> để biết thêm thông tin. (Thông điệp này đã được thêm vào trong phiên bản 5.6.0.) in /opt/lampp/htdocs/wpdev/wp-includes/functions.php on line 6114
[10-Apr-2025 07:26:51 UTC] PHP Notice:  Function add_theme_support( 'post-formats' ) được gọi <strong>không chính xác</strong>. Bạn cần truyền vào array của các định dạng bài viết. Vui lòng xem <a href="https://developer.wordpress.org/advanced-administration/debug/debug-wordpress/">Hướng dẫn Debug trong WordPress</a> để biết thêm thông tin. (Thông điệp này đã được thêm vào trong phiên bản 5.6.0.) in /opt/lampp/htdocs/wpdev/wp-includes/functions.php on line 6114
[10-Apr-2025 07:26:53 UTC] PHP Notice:  Function add_theme_support( 'post-formats' ) được gọi <strong>không chính xác</strong>. Bạn cần truyền vào array của các định dạng bài viết. Vui lòng xem <a href="https://developer.wordpress.org/advanced-administration/debug/debug-wordpress/">Hướng dẫn Debug trong WordPress</a> để biết thêm thông tin. (Thông điệp này đã được thêm vào trong phiên bản 5.6.0.) in /opt/lampp/htdocs/wpdev/wp-includes/functions.php on line 6114
[10-Apr-2025 07:26:54 UTC] PHP Notice:  Function add_theme_support( 'post-formats' ) được gọi <strong>không chính xác</strong>. Bạn cần truyền vào array của các định dạng bài viết. Vui lòng xem <a href="https://developer.wordpress.org/advanced-administration/debug/debug-wordpress/">Hướng dẫn Debug trong WordPress</a> để biết thêm thông tin. (Thông điệp này đã được thêm vào trong phiên bản 5.6.0.) in /opt/lampp/htdocs/wpdev/wp-includes/functions.php on line 6114
[10-Apr-2025 07:26:54 UTC] PHP Notice:  Function add_theme_support( 'post-formats' ) được gọi <strong>không chính xác</strong>. Bạn cần truyền vào array của các định dạng bài viết. Vui lòng xem <a href="https://developer.wordpress.org/advanced-administration/debug/debug-wordpress/">Hướng dẫn Debug trong WordPress</a> để biết thêm thông tin. (Thông điệp này đã được thêm vào trong phiên bản 5.6.0.) in /opt/lampp/htdocs/wpdev/wp-includes/functions.php on line 6114
[10-Apr-2025 07:26:56 UTC] PHP Notice:  Function add_theme_support( 'post-formats' ) được gọi <strong>không chính xác</strong>. Bạn cần truyền vào array của các định dạng bài viết. Vui lòng xem <a href="https://developer.wordpress.org/advanced-administration/debug/debug-wordpress/">Hướng dẫn Debug trong WordPress</a> để biết thêm thông tin. (Thông điệp này đã được thêm vào trong phiên bản 5.6.0.) in /opt/lampp/htdocs/wpdev/wp-includes/functions.php on line 6114
[10-Apr-2025 07:27:00 UTC] PHP Notice:  Function add_theme_support( 'post-formats' ) được gọi <strong>không chính xác</strong>. Bạn cần truyền vào array của các định dạng bài viết. Vui lòng xem <a href="https://developer.wordpress.org/advanced-administration/debug/debug-wordpress/">Hướng dẫn Debug trong WordPress</a> để biết thêm thông tin. (Thông điệp này đã được thêm vào trong phiên bản 5.6.0.) in /opt/lampp/htdocs/wpdev/wp-includes/functions.php on line 6114
[10-Apr-2025 07:27:01 UTC] PHP Notice:  Function add_theme_support( 'post-formats' ) được gọi <strong>không chính xác</strong>. Bạn cần truyền vào array của các định dạng bài viết. Vui lòng xem <a href="https://developer.wordpress.org/advanced-administration/debug/debug-wordpress/">Hướng dẫn Debug trong WordPress</a> để biết thêm thông tin. (Thông điệp này đã được thêm vào trong phiên bản 5.6.0.) in /opt/lampp/htdocs/wpdev/wp-includes/functions.php on line 6114
[10-Apr-2025 07:27:05 UTC] PHP Notice:  Function add_theme_support( 'post-formats' ) được gọi <strong>không chính xác</strong>. Bạn cần truyền vào array của các định dạng bài viết. Vui lòng xem <a href="https://developer.wordpress.org/advanced-administration/debug/debug-wordpress/">Hướng dẫn Debug trong WordPress</a> để biết thêm thông tin. (Thông điệp này đã được thêm vào trong phiên bản 5.6.0.) in /opt/lampp/htdocs/wpdev/wp-includes/functions.php on line 6114
[10-Apr-2025 07:27:06 UTC] PHP Notice:  Function add_theme_support( 'post-formats' ) được gọi <strong>không chính xác</strong>. Bạn cần truyền vào array của các định dạng bài viết. Vui lòng xem <a href="https://developer.wordpress.org/advanced-administration/debug/debug-wordpress/">Hướng dẫn Debug trong WordPress</a> để biết thêm thông tin. (Thông điệp này đã được thêm vào trong phiên bản 5.6.0.) in /opt/lampp/htdocs/wpdev/wp-includes/functions.php on line 6114
[10-Apr-2025 07:27:07 UTC] PHP Notice:  Function add_theme_support( 'post-formats' ) được gọi <strong>không chính xác</strong>. Bạn cần truyền vào array của các định dạng bài viết. Vui lòng xem <a href="https://developer.wordpress.org/advanced-administration/debug/debug-wordpress/">Hướng dẫn Debug trong WordPress</a> để biết thêm thông tin. (Thông điệp này đã được thêm vào trong phiên bản 5.6.0.) in /opt/lampp/htdocs/wpdev/wp-includes/functions.php on line 6114
[10-Apr-2025 07:27:09 UTC] PHP Notice:  Function add_theme_support( 'post-formats' ) được gọi <strong>không chính xác</strong>. Bạn cần truyền vào array của các định dạng bài viết. Vui lòng xem <a href="https://developer.wordpress.org/advanced-administration/debug/debug-wordpress/">Hướng dẫn Debug trong WordPress</a> để biết thêm thông tin. (Thông điệp này đã được thêm vào trong phiên bản 5.6.0.) in /opt/lampp/htdocs/wpdev/wp-includes/functions.php on line 6114
[10-Apr-2025 07:27:38 UTC] PHP Notice:  Function add_theme_support( 'post-formats' ) được gọi <strong>không chính xác</strong>. Bạn cần truyền vào array của các định dạng bài viết. Vui lòng xem <a href="https://developer.wordpress.org/advanced-administration/debug/debug-wordpress/">Hướng dẫn Debug trong WordPress</a> để biết thêm thông tin. (Thông điệp này đã được thêm vào trong phiên bản 5.6.0.) in /opt/lampp/htdocs/wpdev/wp-includes/functions.php on line 6114
[10-Apr-2025 07:27:38 UTC] PHP Notice:  Function add_theme_support( 'post-formats' ) được gọi <strong>không chính xác</strong>. Bạn cần truyền vào array của các định dạng bài viết. Vui lòng xem <a href="https://developer.wordpress.org/advanced-administration/debug/debug-wordpress/">Hướng dẫn Debug trong WordPress</a> để biết thêm thông tin. (Thông điệp này đã được thêm vào trong phiên bản 5.6.0.) in /opt/lampp/htdocs/wpdev/wp-includes/functions.php on line 6114
[10-Apr-2025 07:27:45 UTC] PHP Notice:  Function add_theme_support( 'post-formats' ) được gọi <strong>không chính xác</strong>. Bạn cần truyền vào array của các định dạng bài viết. Vui lòng xem <a href="https://developer.wordpress.org/advanced-administration/debug/debug-wordpress/">Hướng dẫn Debug trong WordPress</a> để biết thêm thông tin. (Thông điệp này đã được thêm vào trong phiên bản 5.6.0.) in /opt/lampp/htdocs/wpdev/wp-includes/functions.php on line 6114
[10-Apr-2025 07:28:38 UTC] PHP Notice:  Function add_theme_support( 'post-formats' ) được gọi <strong>không chính xác</strong>. Bạn cần truyền vào array của các định dạng bài viết. Vui lòng xem <a href="https://developer.wordpress.org/advanced-administration/debug/debug-wordpress/">Hướng dẫn Debug trong WordPress</a> để biết thêm thông tin. (Thông điệp này đã được thêm vào trong phiên bản 5.6.0.) in /opt/lampp/htdocs/wpdev/wp-includes/functions.php on line 6114
[10-Apr-2025 07:28:49 UTC] PHP Notice:  Function add_theme_support( 'post-formats' ) được gọi <strong>không chính xác</strong>. Bạn cần truyền vào array của các định dạng bài viết. Vui lòng xem <a href="https://developer.wordpress.org/advanced-administration/debug/debug-wordpress/">Hướng dẫn Debug trong WordPress</a> để biết thêm thông tin. (Thông điệp này đã được thêm vào trong phiên bản 5.6.0.) in /opt/lampp/htdocs/wpdev/wp-includes/functions.php on line 6114
[10-Apr-2025 07:28:54 UTC] PHP Notice:  Function add_theme_support( 'post-formats' ) được gọi <strong>không chính xác</strong>. Bạn cần truyền vào array của các định dạng bài viết. Vui lòng xem <a href="https://developer.wordpress.org/advanced-administration/debug/debug-wordpress/">Hướng dẫn Debug trong WordPress</a> để biết thêm thông tin. (Thông điệp này đã được thêm vào trong phiên bản 5.6.0.) in /opt/lampp/htdocs/wpdev/wp-includes/functions.php on line 6114
[10-Apr-2025 07:29:01 UTC] PHP Notice:  Function add_theme_support( 'post-formats' ) được gọi <strong>không chính xác</strong>. Bạn cần truyền vào array của các định dạng bài viết. Vui lòng xem <a href="https://developer.wordpress.org/advanced-administration/debug/debug-wordpress/">Hướng dẫn Debug trong WordPress</a> để biết thêm thông tin. (Thông điệp này đã được thêm vào trong phiên bản 5.6.0.) in /opt/lampp/htdocs/wpdev/wp-includes/functions.php on line 6114
[10-Apr-2025 07:29:02 UTC] PHP Notice:  Function add_theme_support( 'post-formats' ) được gọi <strong>không chính xác</strong>. Bạn cần truyền vào array của các định dạng bài viết. Vui lòng xem <a href="https://developer.wordpress.org/advanced-administration/debug/debug-wordpress/">Hướng dẫn Debug trong WordPress</a> để biết thêm thông tin. (Thông điệp này đã được thêm vào trong phiên bản 5.6.0.) in /opt/lampp/htdocs/wpdev/wp-includes/functions.php on line 6114
[10-Apr-2025 07:29:02 UTC] PHP Notice:  Function add_theme_support( 'post-formats' ) được gọi <strong>không chính xác</strong>. Bạn cần truyền vào array của các định dạng bài viết. Vui lòng xem <a href="https://developer.wordpress.org/advanced-administration/debug/debug-wordpress/">Hướng dẫn Debug trong WordPress</a> để biết thêm thông tin. (Thông điệp này đã được thêm vào trong phiên bản 5.6.0.) in /opt/lampp/htdocs/wpdev/wp-includes/functions.php on line 6114
[10-Apr-2025 07:29:03 UTC] PHP Notice:  Function add_theme_support( 'post-formats' ) được gọi <strong>không chính xác</strong>. Bạn cần truyền vào array của các định dạng bài viết. Vui lòng xem <a href="https://developer.wordpress.org/advanced-administration/debug/debug-wordpress/">Hướng dẫn Debug trong WordPress</a> để biết thêm thông tin. (Thông điệp này đã được thêm vào trong phiên bản 5.6.0.) in /opt/lampp/htdocs/wpdev/wp-includes/functions.php on line 6114
[10-Apr-2025 07:29:06 UTC] PHP Notice:  Function add_theme_support( 'post-formats' ) được gọi <strong>không chính xác</strong>. Bạn cần truyền vào array của các định dạng bài viết. Vui lòng xem <a href="https://developer.wordpress.org/advanced-administration/debug/debug-wordpress/">Hướng dẫn Debug trong WordPress</a> để biết thêm thông tin. (Thông điệp này đã được thêm vào trong phiên bản 5.6.0.) in /opt/lampp/htdocs/wpdev/wp-includes/functions.php on line 6114
[10-Apr-2025 07:29:06 UTC] PHP Notice:  Function add_theme_support( 'post-formats' ) được gọi <strong>không chính xác</strong>. Bạn cần truyền vào array của các định dạng bài viết. Vui lòng xem <a href="https://developer.wordpress.org/advanced-administration/debug/debug-wordpress/">Hướng dẫn Debug trong WordPress</a> để biết thêm thông tin. (Thông điệp này đã được thêm vào trong phiên bản 5.6.0.) in /opt/lampp/htdocs/wpdev/wp-includes/functions.php on line 6114
[10-Apr-2025 07:29:06 UTC] PHP Notice:  Function add_theme_support( 'post-formats' ) được gọi <strong>không chính xác</strong>. Bạn cần truyền vào array của các định dạng bài viết. Vui lòng xem <a href="https://developer.wordpress.org/advanced-administration/debug/debug-wordpress/">Hướng dẫn Debug trong WordPress</a> để biết thêm thông tin. (Thông điệp này đã được thêm vào trong phiên bản 5.6.0.) in /opt/lampp/htdocs/wpdev/wp-includes/functions.php on line 6114
[10-Apr-2025 07:29:16 UTC] PHP Notice:  Function add_theme_support( 'post-formats' ) được gọi <strong>không chính xác</strong>. Bạn cần truyền vào array của các định dạng bài viết. Vui lòng xem <a href="https://developer.wordpress.org/advanced-administration/debug/debug-wordpress/">Hướng dẫn Debug trong WordPress</a> để biết thêm thông tin. (Thông điệp này đã được thêm vào trong phiên bản 5.6.0.) in /opt/lampp/htdocs/wpdev/wp-includes/functions.php on line 6114
[10-Apr-2025 07:29:17 UTC] PHP Notice:  Function add_theme_support( 'post-formats' ) được gọi <strong>không chính xác</strong>. Bạn cần truyền vào array của các định dạng bài viết. Vui lòng xem <a href="https://developer.wordpress.org/advanced-administration/debug/debug-wordpress/">Hướng dẫn Debug trong WordPress</a> để biết thêm thông tin. (Thông điệp này đã được thêm vào trong phiên bản 5.6.0.) in /opt/lampp/htdocs/wpdev/wp-includes/functions.php on line 6114
[10-Apr-2025 07:29:41 UTC] PHP Notice:  Function add_theme_support( 'post-formats' ) được gọi <strong>không chính xác</strong>. Bạn cần truyền vào array của các định dạng bài viết. Vui lòng xem <a href="https://developer.wordpress.org/advanced-administration/debug/debug-wordpress/">Hướng dẫn Debug trong WordPress</a> để biết thêm thông tin. (Thông điệp này đã được thêm vào trong phiên bản 5.6.0.) in /opt/lampp/htdocs/wpdev/wp-includes/functions.php on line 6114
[10-Apr-2025 07:29:42 UTC] PHP Notice:  Function add_theme_support( 'post-formats' ) được gọi <strong>không chính xác</strong>. Bạn cần truyền vào array của các định dạng bài viết. Vui lòng xem <a href="https://developer.wordpress.org/advanced-administration/debug/debug-wordpress/">Hướng dẫn Debug trong WordPress</a> để biết thêm thông tin. (Thông điệp này đã được thêm vào trong phiên bản 5.6.0.) in /opt/lampp/htdocs/wpdev/wp-includes/functions.php on line 6114
[10-Apr-2025 07:29:46 UTC] PHP Notice:  Function add_theme_support( 'post-formats' ) được gọi <strong>không chính xác</strong>. Bạn cần truyền vào array của các định dạng bài viết. Vui lòng xem <a href="https://developer.wordpress.org/advanced-administration/debug/debug-wordpress/">Hướng dẫn Debug trong WordPress</a> để biết thêm thông tin. (Thông điệp này đã được thêm vào trong phiên bản 5.6.0.) in /opt/lampp/htdocs/wpdev/wp-includes/functions.php on line 6114
[10-Apr-2025 07:29:46 UTC] PHP Notice:  Function add_theme_support( 'post-formats' ) được gọi <strong>không chính xác</strong>. Bạn cần truyền vào array của các định dạng bài viết. Vui lòng xem <a href="https://developer.wordpress.org/advanced-administration/debug/debug-wordpress/">Hướng dẫn Debug trong WordPress</a> để biết thêm thông tin. (Thông điệp này đã được thêm vào trong phiên bản 5.6.0.) in /opt/lampp/htdocs/wpdev/wp-includes/functions.php on line 6114
[10-Apr-2025 07:29:56 UTC] PHP Notice:  Function add_theme_support( 'post-formats' ) được gọi <strong>không chính xác</strong>. Bạn cần truyền vào array của các định dạng bài viết. Vui lòng xem <a href="https://developer.wordpress.org/advanced-administration/debug/debug-wordpress/">Hướng dẫn Debug trong WordPress</a> để biết thêm thông tin. (Thông điệp này đã được thêm vào trong phiên bản 5.6.0.) in /opt/lampp/htdocs/wpdev/wp-includes/functions.php on line 6114
[10-Apr-2025 07:30:02 UTC] PHP Notice:  Function add_theme_support( 'post-formats' ) được gọi <strong>không chính xác</strong>. Bạn cần truyền vào array của các định dạng bài viết. Vui lòng xem <a href="https://developer.wordpress.org/advanced-administration/debug/debug-wordpress/">Hướng dẫn Debug trong WordPress</a> để biết thêm thông tin. (Thông điệp này đã được thêm vào trong phiên bản 5.6.0.) in /opt/lampp/htdocs/wpdev/wp-includes/functions.php on line 6114
[10-Apr-2025 07:30:34 UTC] PHP Notice:  Function add_theme_support( 'post-formats' ) được gọi <strong>không chính xác</strong>. Bạn cần truyền vào array của các định dạng bài viết. Vui lòng xem <a href="https://developer.wordpress.org/advanced-administration/debug/debug-wordpress/">Hướng dẫn Debug trong WordPress</a> để biết thêm thông tin. (Thông điệp này đã được thêm vào trong phiên bản 5.6.0.) in /opt/lampp/htdocs/wpdev/wp-includes/functions.php on line 6114
[10-Apr-2025 07:30:34 UTC] PHP Notice:  Function add_theme_support( 'post-formats' ) được gọi <strong>không chính xác</strong>. Bạn cần truyền vào array của các định dạng bài viết. Vui lòng xem <a href="https://developer.wordpress.org/advanced-administration/debug/debug-wordpress/">Hướng dẫn Debug trong WordPress</a> để biết thêm thông tin. (Thông điệp này đã được thêm vào trong phiên bản 5.6.0.) in /opt/lampp/htdocs/wpdev/wp-includes/functions.php on line 6114
[10-Apr-2025 07:30:39 UTC] PHP Notice:  Function add_theme_support( 'post-formats' ) được gọi <strong>không chính xác</strong>. Bạn cần truyền vào array của các định dạng bài viết. Vui lòng xem <a href="https://developer.wordpress.org/advanced-administration/debug/debug-wordpress/">Hướng dẫn Debug trong WordPress</a> để biết thêm thông tin. (Thông điệp này đã được thêm vào trong phiên bản 5.6.0.) in /opt/lampp/htdocs/wpdev/wp-includes/functions.php on line 6114
[10-Apr-2025 07:30:39 UTC] PHP Notice:  Function add_theme_support( 'post-formats' ) được gọi <strong>không chính xác</strong>. Bạn cần truyền vào array của các định dạng bài viết. Vui lòng xem <a href="https://developer.wordpress.org/advanced-administration/debug/debug-wordpress/">Hướng dẫn Debug trong WordPress</a> để biết thêm thông tin. (Thông điệp này đã được thêm vào trong phiên bản 5.6.0.) in /opt/lampp/htdocs/wpdev/wp-includes/functions.php on line 6114
[10-Apr-2025 07:30:42 UTC] PHP Notice:  Function add_theme_support( 'post-formats' ) được gọi <strong>không chính xác</strong>. Bạn cần truyền vào array của các định dạng bài viết. Vui lòng xem <a href="https://developer.wordpress.org/advanced-administration/debug/debug-wordpress/">Hướng dẫn Debug trong WordPress</a> để biết thêm thông tin. (Thông điệp này đã được thêm vào trong phiên bản 5.6.0.) in /opt/lampp/htdocs/wpdev/wp-includes/functions.php on line 6114
[10-Apr-2025 07:30:46 UTC] PHP Notice:  Function add_theme_support( 'post-formats' ) được gọi <strong>không chính xác</strong>. Bạn cần truyền vào array của các định dạng bài viết. Vui lòng xem <a href="https://developer.wordpress.org/advanced-administration/debug/debug-wordpress/">Hướng dẫn Debug trong WordPress</a> để biết thêm thông tin. (Thông điệp này đã được thêm vào trong phiên bản 5.6.0.) in /opt/lampp/htdocs/wpdev/wp-includes/functions.php on line 6114
[10-Apr-2025 07:30:47 UTC] PHP Notice:  Function add_theme_support( 'post-formats' ) được gọi <strong>không chính xác</strong>. Bạn cần truyền vào array của các định dạng bài viết. Vui lòng xem <a href="https://developer.wordpress.org/advanced-administration/debug/debug-wordpress/">Hướng dẫn Debug trong WordPress</a> để biết thêm thông tin. (Thông điệp này đã được thêm vào trong phiên bản 5.6.0.) in /opt/lampp/htdocs/wpdev/wp-includes/functions.php on line 6114
[10-Apr-2025 07:30:47 UTC] PHP Notice:  Function add_theme_support( 'post-formats' ) được gọi <strong>không chính xác</strong>. Bạn cần truyền vào array của các định dạng bài viết. Vui lòng xem <a href="https://developer.wordpress.org/advanced-administration/debug/debug-wordpress/">Hướng dẫn Debug trong WordPress</a> để biết thêm thông tin. (Thông điệp này đã được thêm vào trong phiên bản 5.6.0.) in /opt/lampp/htdocs/wpdev/wp-includes/functions.php on line 6114
[10-Apr-2025 07:30:48 UTC] PHP Notice:  Function add_theme_support( 'post-formats' ) được gọi <strong>không chính xác</strong>. Bạn cần truyền vào array của các định dạng bài viết. Vui lòng xem <a href="https://developer.wordpress.org/advanced-administration/debug/debug-wordpress/">Hướng dẫn Debug trong WordPress</a> để biết thêm thông tin. (Thông điệp này đã được thêm vào trong phiên bản 5.6.0.) in /opt/lampp/htdocs/wpdev/wp-includes/functions.php on line 6114
[10-Apr-2025 07:30:55 UTC] PHP Notice:  Function add_theme_support( 'post-formats' ) được gọi <strong>không chính xác</strong>. Bạn cần truyền vào array của các định dạng bài viết. Vui lòng xem <a href="https://developer.wordpress.org/advanced-administration/debug/debug-wordpress/">Hướng dẫn Debug trong WordPress</a> để biết thêm thông tin. (Thông điệp này đã được thêm vào trong phiên bản 5.6.0.) in /opt/lampp/htdocs/wpdev/wp-includes/functions.php on line 6114
[10-Apr-2025 07:30:56 UTC] PHP Notice:  Function add_theme_support( 'post-formats' ) được gọi <strong>không chính xác</strong>. Bạn cần truyền vào array của các định dạng bài viết. Vui lòng xem <a href="https://developer.wordpress.org/advanced-administration/debug/debug-wordpress/">Hướng dẫn Debug trong WordPress</a> để biết thêm thông tin. (Thông điệp này đã được thêm vào trong phiên bản 5.6.0.) in /opt/lampp/htdocs/wpdev/wp-includes/functions.php on line 6114
[10-Apr-2025 07:30:56 UTC] PHP Notice:  Function add_theme_support( 'post-formats' ) được gọi <strong>không chính xác</strong>. Bạn cần truyền vào array của các định dạng bài viết. Vui lòng xem <a href="https://developer.wordpress.org/advanced-administration/debug/debug-wordpress/">Hướng dẫn Debug trong WordPress</a> để biết thêm thông tin. (Thông điệp này đã được thêm vào trong phiên bản 5.6.0.) in /opt/lampp/htdocs/wpdev/wp-includes/functions.php on line 6114
[10-Apr-2025 07:31:06 UTC] PHP Notice:  Function add_theme_support( 'post-formats' ) được gọi <strong>không chính xác</strong>. Bạn cần truyền vào array của các định dạng bài viết. Vui lòng xem <a href="https://developer.wordpress.org/advanced-administration/debug/debug-wordpress/">Hướng dẫn Debug trong WordPress</a> để biết thêm thông tin. (Thông điệp này đã được thêm vào trong phiên bản 5.6.0.) in /opt/lampp/htdocs/wpdev/wp-includes/functions.php on line 6114
[10-Apr-2025 07:31:16 UTC] PHP Notice:  Function add_theme_support( 'post-formats' ) được gọi <strong>không chính xác</strong>. Bạn cần truyền vào array của các định dạng bài viết. Vui lòng xem <a href="https://developer.wordpress.org/advanced-administration/debug/debug-wordpress/">Hướng dẫn Debug trong WordPress</a> để biết thêm thông tin. (Thông điệp này đã được thêm vào trong phiên bản 5.6.0.) in /opt/lampp/htdocs/wpdev/wp-includes/functions.php on line 6114
[10-Apr-2025 07:31:26 UTC] PHP Notice:  Function add_theme_support( 'post-formats' ) được gọi <strong>không chính xác</strong>. Bạn cần truyền vào array của các định dạng bài viết. Vui lòng xem <a href="https://developer.wordpress.org/advanced-administration/debug/debug-wordpress/">Hướng dẫn Debug trong WordPress</a> để biết thêm thông tin. (Thông điệp này đã được thêm vào trong phiên bản 5.6.0.) in /opt/lampp/htdocs/wpdev/wp-includes/functions.php on line 6114
[10-Apr-2025 07:31:36 UTC] PHP Notice:  Function add_theme_support( 'post-formats' ) được gọi <strong>không chính xác</strong>. Bạn cần truyền vào array của các định dạng bài viết. Vui lòng xem <a href="https://developer.wordpress.org/advanced-administration/debug/debug-wordpress/">Hướng dẫn Debug trong WordPress</a> để biết thêm thông tin. (Thông điệp này đã được thêm vào trong phiên bản 5.6.0.) in /opt/lampp/htdocs/wpdev/wp-includes/functions.php on line 6114
[10-Apr-2025 07:31:46 UTC] PHP Notice:  Function add_theme_support( 'post-formats' ) được gọi <strong>không chính xác</strong>. Bạn cần truyền vào array của các định dạng bài viết. Vui lòng xem <a href="https://developer.wordpress.org/advanced-administration/debug/debug-wordpress/">Hướng dẫn Debug trong WordPress</a> để biết thêm thông tin. (Thông điệp này đã được thêm vào trong phiên bản 5.6.0.) in /opt/lampp/htdocs/wpdev/wp-includes/functions.php on line 6114
[10-Apr-2025 07:31:56 UTC] PHP Notice:  Function add_theme_support( 'post-formats' ) được gọi <strong>không chính xác</strong>. Bạn cần truyền vào array của các định dạng bài viết. Vui lòng xem <a href="https://developer.wordpress.org/advanced-administration/debug/debug-wordpress/">Hướng dẫn Debug trong WordPress</a> để biết thêm thông tin. (Thông điệp này đã được thêm vào trong phiên bản 5.6.0.) in /opt/lampp/htdocs/wpdev/wp-includes/functions.php on line 6114
[10-Apr-2025 07:32:06 UTC] PHP Notice:  Function add_theme_support( 'post-formats' ) được gọi <strong>không chính xác</strong>. Bạn cần truyền vào array của các định dạng bài viết. Vui lòng xem <a href="https://developer.wordpress.org/advanced-administration/debug/debug-wordpress/">Hướng dẫn Debug trong WordPress</a> để biết thêm thông tin. (Thông điệp này đã được thêm vào trong phiên bản 5.6.0.) in /opt/lampp/htdocs/wpdev/wp-includes/functions.php on line 6114
[10-Apr-2025 07:32:16 UTC] PHP Notice:  Function add_theme_support( 'post-formats' ) được gọi <strong>không chính xác</strong>. Bạn cần truyền vào array của các định dạng bài viết. Vui lòng xem <a href="https://developer.wordpress.org/advanced-administration/debug/debug-wordpress/">Hướng dẫn Debug trong WordPress</a> để biết thêm thông tin. (Thông điệp này đã được thêm vào trong phiên bản 5.6.0.) in /opt/lampp/htdocs/wpdev/wp-includes/functions.php on line 6114
[10-Apr-2025 07:32:26 UTC] PHP Notice:  Function add_theme_support( 'post-formats' ) được gọi <strong>không chính xác</strong>. Bạn cần truyền vào array của các định dạng bài viết. Vui lòng xem <a href="https://developer.wordpress.org/advanced-administration/debug/debug-wordpress/">Hướng dẫn Debug trong WordPress</a> để biết thêm thông tin. (Thông điệp này đã được thêm vào trong phiên bản 5.6.0.) in /opt/lampp/htdocs/wpdev/wp-includes/functions.php on line 6114
[10-Apr-2025 07:32:36 UTC] PHP Notice:  Function add_theme_support( 'post-formats' ) được gọi <strong>không chính xác</strong>. Bạn cần truyền vào array của các định dạng bài viết. Vui lòng xem <a href="https://developer.wordpress.org/advanced-administration/debug/debug-wordpress/">Hướng dẫn Debug trong WordPress</a> để biết thêm thông tin. (Thông điệp này đã được thêm vào trong phiên bản 5.6.0.) in /opt/lampp/htdocs/wpdev/wp-includes/functions.php on line 6114
[10-Apr-2025 07:32:46 UTC] PHP Notice:  Function add_theme_support( 'post-formats' ) được gọi <strong>không chính xác</strong>. Bạn cần truyền vào array của các định dạng bài viết. Vui lòng xem <a href="https://developer.wordpress.org/advanced-administration/debug/debug-wordpress/">Hướng dẫn Debug trong WordPress</a> để biết thêm thông tin. (Thông điệp này đã được thêm vào trong phiên bản 5.6.0.) in /opt/lampp/htdocs/wpdev/wp-includes/functions.php on line 6114
[10-Apr-2025 07:32:56 UTC] PHP Notice:  Function add_theme_support( 'post-formats' ) được gọi <strong>không chính xác</strong>. Bạn cần truyền vào array của các định dạng bài viết. Vui lòng xem <a href="https://developer.wordpress.org/advanced-administration/debug/debug-wordpress/">Hướng dẫn Debug trong WordPress</a> để biết thêm thông tin. (Thông điệp này đã được thêm vào trong phiên bản 5.6.0.) in /opt/lampp/htdocs/wpdev/wp-includes/functions.php on line 6114
[10-Apr-2025 07:33:06 UTC] PHP Notice:  Function add_theme_support( 'post-formats' ) được gọi <strong>không chính xác</strong>. Bạn cần truyền vào array của các định dạng bài viết. Vui lòng xem <a href="https://developer.wordpress.org/advanced-administration/debug/debug-wordpress/">Hướng dẫn Debug trong WordPress</a> để biết thêm thông tin. (Thông điệp này đã được thêm vào trong phiên bản 5.6.0.) in /opt/lampp/htdocs/wpdev/wp-includes/functions.php on line 6114
[10-Apr-2025 07:33:16 UTC] PHP Notice:  Function add_theme_support( 'post-formats' ) được gọi <strong>không chính xác</strong>. Bạn cần truyền vào array của các định dạng bài viết. Vui lòng xem <a href="https://developer.wordpress.org/advanced-administration/debug/debug-wordpress/">Hướng dẫn Debug trong WordPress</a> để biết thêm thông tin. (Thông điệp này đã được thêm vào trong phiên bản 5.6.0.) in /opt/lampp/htdocs/wpdev/wp-includes/functions.php on line 6114
[10-Apr-2025 07:33:26 UTC] PHP Notice:  Function add_theme_support( 'post-formats' ) được gọi <strong>không chính xác</strong>. Bạn cần truyền vào array của các định dạng bài viết. Vui lòng xem <a href="https://developer.wordpress.org/advanced-administration/debug/debug-wordpress/">Hướng dẫn Debug trong WordPress</a> để biết thêm thông tin. (Thông điệp này đã được thêm vào trong phiên bản 5.6.0.) in /opt/lampp/htdocs/wpdev/wp-includes/functions.php on line 6114
[10-Apr-2025 07:33:36 UTC] PHP Notice:  Function add_theme_support( 'post-formats' ) được gọi <strong>không chính xác</strong>. Bạn cần truyền vào array của các định dạng bài viết. Vui lòng xem <a href="https://developer.wordpress.org/advanced-administration/debug/debug-wordpress/">Hướng dẫn Debug trong WordPress</a> để biết thêm thông tin. (Thông điệp này đã được thêm vào trong phiên bản 5.6.0.) in /opt/lampp/htdocs/wpdev/wp-includes/functions.php on line 6114
[10-Apr-2025 07:54:56 UTC] PHP Warning:  Undefined variable $have_posts in /opt/lampp/htdocs/wpdev/wp-content/themes/aistudio/header.php on line 192
[10-Apr-2025 07:55:33 UTC] PHP Fatal error:  Uncaught Error: Undefined constant "have_posts" in /opt/lampp/htdocs/wpdev/wp-content/themes/aistudio/header.php:192
Stack trace:
#0 /opt/lampp/htdocs/wpdev/wp-includes/template.php(810): require_once()
#1 /opt/lampp/htdocs/wpdev/wp-includes/template.php(745): load_template('/opt/lampp/htdo...', true, Array)
#2 /opt/lampp/htdocs/wpdev/wp-includes/general-template.php(48): locate_template(Array, true, true, Array)
#3 /opt/lampp/htdocs/wpdev/wp-content/themes/aistudio/index.php(18): get_header()
#4 /opt/lampp/htdocs/wpdev/wp-includes/template-loader.php(106): include('/opt/lampp/htdo...')
#5 /opt/lampp/htdocs/wpdev/wp-blog-header.php(19): require_once('/opt/lampp/htdo...')
#6 /opt/lampp/htdocs/wpdev/index.php(17): require('/opt/lampp/htdo...')
#7 {main}
  thrown in /opt/lampp/htdocs/wpdev/wp-content/themes/aistudio/header.php on line 192
[10-Apr-2025 07:55:39 UTC] PHP Fatal error:  Uncaught Error: Undefined constant "have_posts" in /opt/lampp/htdocs/wpdev/wp-content/themes/aistudio/header.php:192
Stack trace:
#0 /opt/lampp/htdocs/wpdev/wp-includes/template.php(810): require_once()
#1 /opt/lampp/htdocs/wpdev/wp-includes/template.php(745): load_template('/opt/lampp/htdo...', true, Array)
#2 /opt/lampp/htdocs/wpdev/wp-includes/general-template.php(48): locate_template(Array, true, true, Array)
#3 /opt/lampp/htdocs/wpdev/wp-content/themes/aistudio/index.php(18): get_header()
#4 /opt/lampp/htdocs/wpdev/wp-includes/template-loader.php(106): include('/opt/lampp/htdo...')
#5 /opt/lampp/htdocs/wpdev/wp-blog-header.php(19): require_once('/opt/lampp/htdo...')
#6 /opt/lampp/htdocs/wpdev/index.php(17): require('/opt/lampp/htdo...')
#7 {main}
  thrown in /opt/lampp/htdocs/wpdev/wp-content/themes/aistudio/header.php on line 192
[10-Apr-2025 07:57:51 UTC] PHP Fatal error:  Uncaught Error: Undefined constant "have_posts" in /opt/lampp/htdocs/wpdev/wp-content/themes/aistudio/header.php:192
Stack trace:
#0 /opt/lampp/htdocs/wpdev/wp-includes/template.php(810): require_once()
#1 /opt/lampp/htdocs/wpdev/wp-includes/template.php(745): load_template('/opt/lampp/htdo...', true, Array)
#2 /opt/lampp/htdocs/wpdev/wp-includes/general-template.php(48): locate_template(Array, true, true, Array)
#3 /opt/lampp/htdocs/wpdev/wp-content/themes/aistudio/index.php(18): get_header()
#4 /opt/lampp/htdocs/wpdev/wp-includes/template-loader.php(106): include('/opt/lampp/htdo...')
#5 /opt/lampp/htdocs/wpdev/wp-blog-header.php(19): require_once('/opt/lampp/htdo...')
#6 /opt/lampp/htdocs/wpdev/index.php(17): require('/opt/lampp/htdo...')
#7 {main}
  thrown in /opt/lampp/htdocs/wpdev/wp-content/themes/aistudio/header.php on line 192
[10-Apr-2025 08:17:20 UTC] PHP Warning:  translations_api(): Đã xảy ra lỗi không mong muốn. Có thể có sự cố với WordPress.org hoặc cấu hình của máy chủ. Nếu bạn tiếp tục gặp sự cố, vui lòng thử hỏi trong <a href="https://wordpress.org/support/forums/">diễn đàn hỗ trợ</a>. (WordPress không thể thiết lập kết nối an toàn tới WordPress.org. Vui lòng liên hệ quản trị máy chủ của bạn.) in /opt/lampp/htdocs/wpdev/wp-includes/functions.php on line 6114
[10-Apr-2025 08:17:23 UTC] PHP Warning:  translations_api(): Đã xảy ra lỗi không mong muốn. Có thể có sự cố với WordPress.org hoặc cấu hình của máy chủ. Nếu bạn tiếp tục gặp sự cố, vui lòng thử hỏi trong <a href="https://wordpress.org/support/forums/">diễn đàn hỗ trợ</a>. (WordPress không thể thiết lập kết nối an toàn tới WordPress.org. Vui lòng liên hệ quản trị máy chủ của bạn.) in /opt/lampp/htdocs/wpdev/wp-includes/functions.php on line 6114
[10-Apr-2025 08:18:13 UTC] PHP Notice:  _wp_delete_all_temp_backups(): Không thể truy cập file hệ thống. in /opt/lampp/htdocs/wpdev/wp-includes/functions.php on line 6114
[10-Apr-2025 08:24:17 UTC] PHP Warning:  translations_api(): Đã xảy ra lỗi không mong muốn. Có thể có sự cố với WordPress.org hoặc cấu hình của máy chủ. Nếu bạn tiếp tục gặp sự cố, vui lòng thử hỏi trong <a href="https://wordpress.org/support/forums/">diễn đàn hỗ trợ</a>. (WordPress không thể thiết lập kết nối an toàn tới WordPress.org. Vui lòng liên hệ quản trị máy chủ của bạn.) in /opt/lampp/htdocs/wpdev/wp-includes/functions.php on line 6114
[10-Apr-2025 08:24:19 UTC] PHP Warning:  translations_api(): Đã xảy ra lỗi không mong muốn. Có thể có sự cố với WordPress.org hoặc cấu hình của máy chủ. Nếu bạn tiếp tục gặp sự cố, vui lòng thử hỏi trong <a href="https://wordpress.org/support/forums/">diễn đàn hỗ trợ</a>. (WordPress không thể thiết lập kết nối an toàn tới WordPress.org. Vui lòng liên hệ quản trị máy chủ của bạn.) in /opt/lampp/htdocs/wpdev/wp-includes/functions.php on line 6114
[10-Apr-2025 08:24:20 UTC] PHP Warning:  translations_api(): Đã xảy ra lỗi không mong muốn. Có thể có sự cố với WordPress.org hoặc cấu hình của máy chủ. Nếu bạn tiếp tục gặp sự cố, vui lòng thử hỏi trong <a href="https://wordpress.org/support/forums/">diễn đàn hỗ trợ</a>. (WordPress không thể thiết lập kết nối an toàn tới WordPress.org. Vui lòng liên hệ quản trị máy chủ của bạn.) in /opt/lampp/htdocs/wpdev/wp-includes/functions.php on line 6114
[10-Apr-2025 08:24:22 UTC] PHP Warning:  translations_api(): Đã xảy ra lỗi không mong muốn. Có thể có sự cố với WordPress.org hoặc cấu hình của máy chủ. Nếu bạn tiếp tục gặp sự cố, vui lòng thử hỏi trong <a href="https://wordpress.org/support/forums/">diễn đàn hỗ trợ</a>. (WordPress không thể thiết lập kết nối an toàn tới WordPress.org. Vui lòng liên hệ quản trị máy chủ của bạn.) in /opt/lampp/htdocs/wpdev/wp-includes/functions.php on line 6114
[10-Apr-2025 08:41:11 UTC] PHP Warning:  Undefined array key 0 in /opt/lampp/htdocs/wpdev/wp-content/themes/aistudio/header.php on line 204
[10-Apr-2025 08:42:01 UTC] PHP Warning:  Undefined array key 0 in /opt/lampp/htdocs/wpdev/wp-content/themes/aistudio/header.php on line 204
[10-Apr-2025 08:42:51 UTC] PHP Warning:  Undefined array key 0 in /opt/lampp/htdocs/wpdev/wp-content/themes/aistudio/header.php on line 204
[10-Apr-2025 08:43:10 UTC] PHP Warning:  Undefined array key 0 in /opt/lampp/htdocs/wpdev/wp-content/themes/aistudio/header.php on line 204
[10-Apr-2025 08:46:58 UTC] PHP Warning:  Undefined array key 0 in /opt/lampp/htdocs/wpdev/wp-content/themes/aistudio/header.php on line 204
[10-Apr-2025 08:47:01 UTC] PHP Warning:  Undefined array key 0 in /opt/lampp/htdocs/wpdev/wp-content/themes/aistudio/header.php on line 204
[10-Apr-2025 08:47:14 UTC] PHP Warning:  Undefined array key 0 in /opt/lampp/htdocs/wpdev/wp-content/themes/aistudio/header.php on line 204
[10-Apr-2025 08:47:56 UTC] PHP Warning:  Undefined array key 0 in /opt/lampp/htdocs/wpdev/wp-content/themes/aistudio/header.php on line 204
[10-Apr-2025 08:49:00 UTC] PHP Warning:  Undefined array key 0 in /opt/lampp/htdocs/wpdev/wp-content/themes/aistudio/header.php on line 204
[10-Apr-2025 08:51:46 UTC] PHP Warning:  Undefined array key 0 in /opt/lampp/htdocs/wpdev/wp-content/themes/aistudio/header.php on line 204
[10-Apr-2025 08:51:49 UTC] PHP Warning:  Undefined array key 0 in /opt/lampp/htdocs/wpdev/wp-content/themes/aistudio/header.php on line 204
[10-Apr-2025 08:59:31 UTC] PHP Warning:  Undefined array key 0 in /opt/lampp/htdocs/wpdev/wp-content/themes/aistudio/header.php on line 213
[10-Apr-2025 09:01:37 UTC] PHP Warning:  Undefined array key 0 in /opt/lampp/htdocs/wpdev/wp-content/themes/aistudio/header.php on line 211
[10-Apr-2025 09:02:37 UTC] PHP Warning:  Undefined array key 0 in /opt/lampp/htdocs/wpdev/wp-content/themes/aistudio/header.php on line 212
[10-Apr-2025 09:04:23 UTC] PHP Warning:  Undefined array key 0 in /opt/lampp/htdocs/wpdev/wp-content/themes/aistudio/header.php on line 212
[10-Apr-2025 09:04:51 UTC] PHP Warning:  Undefined array key 0 in /opt/lampp/htdocs/wpdev/wp-content/themes/aistudio/header.php on line 212
[10-Apr-2025 09:09:01 UTC] PHP Warning:  Undefined array key 0 in /opt/lampp/htdocs/wpdev/wp-content/themes/aistudio/header.php on line 212
[10-Apr-2025 09:09:04 UTC] PHP Warning:  Undefined array key 0 in /opt/lampp/htdocs/wpdev/wp-content/themes/aistudio/header.php on line 212
[10-Apr-2025 09:18:11 UTC] PHP Warning:  Undefined array key 0 in /opt/lampp/htdocs/wpdev/wp-content/themes/aistudio/header.php on line 212
[10-Apr-2025 09:19:12 UTC] PHP Warning:  Undefined array key 0 in /opt/lampp/htdocs/wpdev/wp-content/themes/aistudio/header.php on line 212
[10-Apr-2025 09:19:19 UTC] PHP Warning:  Undefined array key 0 in /opt/lampp/htdocs/wpdev/wp-content/themes/aistudio/header.php on line 212
[10-Apr-2025 09:20:00 UTC] PHP Warning:  translations_api(): Đã xảy ra lỗi không mong muốn. Có thể có sự cố với WordPress.org hoặc cấu hình của máy chủ. Nếu bạn tiếp tục gặp sự cố, vui lòng thử hỏi trong <a href="https://wordpress.org/support/forums/">diễn đàn hỗ trợ</a>. (WordPress không thể thiết lập kết nối an toàn tới WordPress.org. Vui lòng liên hệ quản trị máy chủ của bạn.) in /opt/lampp/htdocs/wpdev/wp-includes/functions.php on line 6114
[10-Apr-2025 09:20:03 UTC] PHP Warning:  translations_api(): Đã xảy ra lỗi không mong muốn. Có thể có sự cố với WordPress.org hoặc cấu hình của máy chủ. Nếu bạn tiếp tục gặp sự cố, vui lòng thử hỏi trong <a href="https://wordpress.org/support/forums/">diễn đàn hỗ trợ</a>. (WordPress không thể thiết lập kết nối an toàn tới WordPress.org. Vui lòng liên hệ quản trị máy chủ của bạn.) in /opt/lampp/htdocs/wpdev/wp-includes/functions.php on line 6114
[10-Apr-2025 09:22:32 UTC] PHP Warning:  Undefined array key 0 in /opt/lampp/htdocs/wpdev/wp-content/themes/aistudio/header.php on line 212
[10-Apr-2025 09:24:58 UTC] PHP Warning:  Undefined array key 0 in /opt/lampp/htdocs/wpdev/wp-content/themes/aistudio/header.php on line 204
[12-May-2025 10:26:55 UTC] PHP Warning:  wp_version_check(): Đã xảy ra lỗi không mong muốn. Có thể có sự cố với WordPress.org hoặc cấu hình của máy chủ. Nếu bạn tiếp tục gặp sự cố, vui lòng thử hỏi trong <a href="https://wordpress.org/support/forums/">diễn đàn hỗ trợ</a>. (WordPress không thể thiết lập kết nối an toàn tới WordPress.org. Vui lòng liên hệ quản trị máy chủ của bạn.) in /opt/lampp/htdocs/wpdev/wp-includes/functions.php on line 6114
[12-May-2025 10:26:56 UTC] PHP Deprecated:  File Giao diện không có comments.php<strong>không dùng nữa</strong> từ phiên bản 3.0.0! Không có giải pháp nào thay thế. Hãy định nghĩa mẫu comments.php trong giao diện của bạn. in /opt/lampp/htdocs/wpdev/wp-includes/functions.php on line 6114
[12-May-2025 10:29:03 UTC] PHP Deprecated:  File Giao diện không có comments.php<strong>không dùng nữa</strong> từ phiên bản 3.0.0! Không có giải pháp nào thay thế. Hãy định nghĩa mẫu comments.php trong giao diện của bạn. in /opt/lampp/htdocs/wpdev/wp-includes/functions.php on line 6114
[12-May-2025 10:49:08 UTC] PHP Warning:  wp_update_plugins(): Đã xảy ra lỗi không mong muốn. Có thể có sự cố với WordPress.org hoặc cấu hình của máy chủ. Nếu bạn tiếp tục gặp sự cố, vui lòng thử hỏi trong <a href="https://wordpress.org/support/forums/">diễn đàn hỗ trợ</a>. (WordPress không thể thiết lập kết nối an toàn tới WordPress.org. Vui lòng liên hệ quản trị máy chủ của bạn.) in /opt/lampp/htdocs/wpdev/wp-includes/functions.php on line 6114
[12-May-2025 11:17:37 UTC] PHP Warning:  wp_update_themes(): Đã xảy ra lỗi không mong muốn. Có thể có sự cố với WordPress.org hoặc cấu hình của máy chủ. Nếu bạn tiếp tục gặp sự cố, vui lòng thử hỏi trong <a href="https://wordpress.org/support/forums/">diễn đàn hỗ trợ</a>. (WordPress không thể thiết lập kết nối an toàn tới WordPress.org. Vui lòng liên hệ quản trị máy chủ của bạn.) in /opt/lampp/htdocs/wpdev/wp-includes/functions.php on line 6114
[13-May-2025 06:36:46 UTC] PHP Warning:  wp_version_check(): Đã xảy ra lỗi không mong muốn. Có thể có sự cố với WordPress.org hoặc cấu hình của máy chủ. Nếu bạn tiếp tục gặp sự cố, vui lòng thử hỏi trong <a href="https://wordpress.org/support/forums/">diễn đàn hỗ trợ</a>. (WordPress không thể thiết lập kết nối an toàn tới WordPress.org. Vui lòng liên hệ quản trị máy chủ của bạn.) in /opt/lampp/htdocs/wpdev/wp-includes/functions.php on line 6114
[13-May-2025 06:36:56 UTC] PHP Warning:  wp_update_plugins(): Đã xảy ra lỗi không mong muốn. Có thể có sự cố với WordPress.org hoặc cấu hình của máy chủ. Nếu bạn tiếp tục gặp sự cố, vui lòng thử hỏi trong <a href="https://wordpress.org/support/forums/">diễn đàn hỗ trợ</a>. (WordPress không thể thiết lập kết nối an toàn tới WordPress.org. Vui lòng liên hệ quản trị máy chủ của bạn.) in /opt/lampp/htdocs/wpdev/wp-includes/functions.php on line 6114
[13-May-2025 06:37:06 UTC] PHP Warning:  wp_update_themes(): Đã xảy ra lỗi không mong muốn. Có thể có sự cố với WordPress.org hoặc cấu hình của máy chủ. Nếu bạn tiếp tục gặp sự cố, vui lòng thử hỏi trong <a href="https://wordpress.org/support/forums/">diễn đàn hỗ trợ</a>. (WordPress không thể thiết lập kết nối an toàn tới WordPress.org. Vui lòng liên hệ quản trị máy chủ của bạn.) in /opt/lampp/htdocs/wpdev/wp-includes/functions.php on line 6114
[13-May-2025 06:55:05 UTC] PHP Warning:  translations_api(): Đã xảy ra lỗi không mong muốn. Có thể có sự cố với WordPress.org hoặc cấu hình của máy chủ. Nếu bạn tiếp tục gặp sự cố, vui lòng thử hỏi trong <a href="https://wordpress.org/support/forums/">diễn đàn hỗ trợ</a>. (WordPress không thể thiết lập kết nối an toàn tới WordPress.org. Vui lòng liên hệ quản trị máy chủ của bạn.) in /opt/lampp/htdocs/wpdev/wp-includes/functions.php on line 6114
[13-May-2025 07:49:01 UTC] PHP Warning:  Undefined array key 0 in /opt/lampp/htdocs/wpdev/wp-content/themes/aistudio/header.php on line 206
[13-May-2025 08:06:18 UTC] PHP Warning:  Undefined array key 0 in /opt/lampp/htdocs/wpdev/wp-content/themes/aistudio/header.php on line 206
[13-May-2025 08:06:18 UTC] PHP Warning:  Undefined array key 0 in /opt/lampp/htdocs/wpdev/wp-content/themes/aistudio/header.php on line 206
[13-May-2025 08:07:26 UTC] PHP Warning:  Undefined array key 0 in /opt/lampp/htdocs/wpdev/wp-content/themes/aistudio/header.php on line 206
[13-May-2025 08:07:26 UTC] PHP Warning:  Undefined array key 0 in /opt/lampp/htdocs/wpdev/wp-content/themes/aistudio/header.php on line 206
[13-May-2025 08:08:58 UTC] PHP Warning:  Undefined array key 0 in /opt/lampp/htdocs/wpdev/wp-content/themes/aistudio/header.php on line 206
[13-May-2025 08:08:58 UTC] PHP Warning:  Undefined array key 0 in /opt/lampp/htdocs/wpdev/wp-content/themes/aistudio/header.php on line 206
[13-May-2025 08:09:01 UTC] PHP Warning:  Undefined array key 0 in /opt/lampp/htdocs/wpdev/wp-content/themes/aistudio/header.php on line 206
[13-May-2025 08:09:01 UTC] PHP Warning:  Undefined array key 0 in /opt/lampp/htdocs/wpdev/wp-content/themes/aistudio/header.php on line 206
[13-May-2025 08:15:01 UTC] PHP Warning:  Undefined array key 0 in /opt/lampp/htdocs/wpdev/wp-content/themes/aistudio/header.php on line 206
[13-May-2025 08:15:01 UTC] PHP Warning:  Undefined array key 0 in /opt/lampp/htdocs/wpdev/wp-content/themes/aistudio/header.php on line 206
[13-May-2025 08:17:08 UTC] PHP Warning:  Undefined array key 0 in /opt/lampp/htdocs/wpdev/wp-content/themes/aistudio/header.php on line 206
[13-May-2025 08:17:08 UTC] PHP Warning:  Undefined array key 0 in /opt/lampp/htdocs/wpdev/wp-content/themes/aistudio/header.php on line 206
[13-May-2025 08:19:16 UTC] PHP Warning:  Undefined array key 0 in /opt/lampp/htdocs/wpdev/wp-content/themes/aistudio/header.php on line 206
[13-May-2025 08:19:16 UTC] PHP Warning:  Undefined array key 0 in /opt/lampp/htdocs/wpdev/wp-content/themes/aistudio/header.php on line 206
[13-May-2025 08:22:45 UTC] PHP Warning:  Undefined array key 0 in /opt/lampp/htdocs/wpdev/wp-content/themes/aistudio/header.php on line 206
[13-May-2025 08:22:45 UTC] PHP Warning:  Undefined array key 0 in /opt/lampp/htdocs/wpdev/wp-content/themes/aistudio/header.php on line 206
[13-May-2025 08:26:25 UTC] PHP Warning:  Undefined array key 0 in /opt/lampp/htdocs/wpdev/wp-content/themes/aistudio/header.php on line 206
[13-May-2025 08:26:25 UTC] PHP Warning:  Undefined array key 0 in /opt/lampp/htdocs/wpdev/wp-content/themes/aistudio/header.php on line 206
[13-May-2025 08:26:29 UTC] PHP Warning:  Undefined array key 0 in /opt/lampp/htdocs/wpdev/wp-content/themes/aistudio/header.php on line 206
[13-May-2025 08:26:29 UTC] PHP Warning:  Undefined array key 0 in /opt/lampp/htdocs/wpdev/wp-content/themes/aistudio/header.php on line 206
[13-May-2025 08:35:07 UTC] PHP Warning:  Undefined array key 0 in /opt/lampp/htdocs/wpdev/wp-content/themes/aistudio/header.php on line 209
[13-May-2025 08:35:07 UTC] PHP Warning:  Undefined array key 0 in /opt/lampp/htdocs/wpdev/wp-content/themes/aistudio/header.php on line 209
[13-May-2025 08:35:37 UTC] PHP Warning:  Undefined array key 0 in /opt/lampp/htdocs/wpdev/wp-content/themes/aistudio/header.php on line 209
[13-May-2025 08:35:37 UTC] PHP Warning:  Undefined array key 0 in /opt/lampp/htdocs/wpdev/wp-content/themes/aistudio/header.php on line 209
[13-May-2025 08:35:40 UTC] PHP Warning:  Undefined array key 0 in /opt/lampp/htdocs/wpdev/wp-content/themes/aistudio/header.php on line 209
[13-May-2025 08:35:40 UTC] PHP Warning:  Undefined array key 0 in /opt/lampp/htdocs/wpdev/wp-content/themes/aistudio/header.php on line 209
[13-May-2025 08:35:46 UTC] PHP Warning:  Undefined array key 0 in /opt/lampp/htdocs/wpdev/wp-content/themes/aistudio/header.php on line 209
[13-May-2025 08:35:46 UTC] PHP Warning:  Undefined array key 0 in /opt/lampp/htdocs/wpdev/wp-content/themes/aistudio/header.php on line 209
[13-May-2025 08:36:17 UTC] PHP Warning:  Undefined array key 0 in /opt/lampp/htdocs/wpdev/wp-content/themes/aistudio/header.php on line 209
[13-May-2025 08:36:17 UTC] PHP Warning:  Undefined array key 0 in /opt/lampp/htdocs/wpdev/wp-content/themes/aistudio/header.php on line 209
[13-May-2025 08:37:07 UTC] PHP Warning:  Undefined array key 0 in /opt/lampp/htdocs/wpdev/wp-content/themes/aistudio/header.php on line 209
[13-May-2025 08:37:07 UTC] PHP Warning:  Undefined array key 0 in /opt/lampp/htdocs/wpdev/wp-content/themes/aistudio/header.php on line 209
[13-May-2025 08:38:48 UTC] PHP Fatal error:  Uncaught TypeError: Unsupported operand types: string + string in /opt/lampp/htdocs/wpdev/wp-content/themes/aistudio/header.php:35
Stack trace:
#0 /opt/lampp/htdocs/wpdev/wp-includes/template.php(810): require_once()
#1 /opt/lampp/htdocs/wpdev/wp-includes/template.php(745): load_template('/opt/lampp/htdo...', true, Array)
#2 /opt/lampp/htdocs/wpdev/wp-includes/general-template.php(48): locate_template(Array, true, true, Array)
#3 /opt/lampp/htdocs/wpdev/wp-content/themes/aistudio/index.php(18): get_header()
#4 /opt/lampp/htdocs/wpdev/wp-includes/template-loader.php(106): include('/opt/lampp/htdo...')
#5 /opt/lampp/htdocs/wpdev/wp-blog-header.php(19): require_once('/opt/lampp/htdo...')
#6 /opt/lampp/htdocs/wpdev/index.php(17): require('/opt/lampp/htdo...')
#7 {main}
  thrown in /opt/lampp/htdocs/wpdev/wp-content/themes/aistudio/header.php on line 35
[13-May-2025 08:38:59 UTC] PHP Warning:  Undefined array key 0 in /opt/lampp/htdocs/wpdev/wp-content/themes/aistudio/header.php on line 209
[13-May-2025 08:38:59 UTC] PHP Warning:  Undefined array key 0 in /opt/lampp/htdocs/wpdev/wp-content/themes/aistudio/header.php on line 209
[13-May-2025 08:44:02 UTC] PHP Warning:  Undefined array key 0 in /opt/lampp/htdocs/wpdev/wp-content/themes/aistudio/header.php on line 209
[13-May-2025 08:44:02 UTC] PHP Warning:  Undefined array key 0 in /opt/lampp/htdocs/wpdev/wp-content/themes/aistudio/header.php on line 209
[13-May-2025 08:44:11 UTC] PHP Warning:  Undefined array key 0 in /opt/lampp/htdocs/wpdev/wp-content/themes/aistudio/header.php on line 209
[13-May-2025 08:44:11 UTC] PHP Warning:  Undefined array key 0 in /opt/lampp/htdocs/wpdev/wp-content/themes/aistudio/header.php on line 209
[13-May-2025 08:44:12 UTC] PHP Warning:  Undefined array key 0 in /opt/lampp/htdocs/wpdev/wp-content/themes/aistudio/header.php on line 209
[13-May-2025 08:44:12 UTC] PHP Warning:  Undefined array key 0 in /opt/lampp/htdocs/wpdev/wp-content/themes/aistudio/header.php on line 209
[13-May-2025 08:44:17 UTC] PHP Warning:  Undefined array key 0 in /opt/lampp/htdocs/wpdev/wp-content/themes/aistudio/header.php on line 209
[13-May-2025 08:44:17 UTC] PHP Warning:  Undefined array key 0 in /opt/lampp/htdocs/wpdev/wp-content/themes/aistudio/header.php on line 209
[13-May-2025 08:44:29 UTC] PHP Warning:  Undefined array key 0 in /opt/lampp/htdocs/wpdev/wp-content/themes/aistudio/header.php on line 209
[13-May-2025 08:44:29 UTC] PHP Warning:  Undefined array key 0 in /opt/lampp/htdocs/wpdev/wp-content/themes/aistudio/header.php on line 209
[13-May-2025 08:44:46 UTC] PHP Warning:  Undefined array key 0 in /opt/lampp/htdocs/wpdev/wp-content/themes/aistudio/header.php on line 209
[13-May-2025 08:44:46 UTC] PHP Warning:  Undefined array key 0 in /opt/lampp/htdocs/wpdev/wp-content/themes/aistudio/header.php on line 209
[13-May-2025 08:45:37 UTC] PHP Warning:  Undefined array key 0 in /opt/lampp/htdocs/wpdev/wp-content/themes/aistudio/header.php on line 204
[13-May-2025 08:45:37 UTC] PHP Warning:  Undefined array key 0 in /opt/lampp/htdocs/wpdev/wp-content/themes/aistudio/header.php on line 204
[13-May-2025 08:46:42 UTC] PHP Warning:  Undefined array key 0 in /opt/lampp/htdocs/wpdev/wp-content/themes/aistudio/header.php on line 206
[13-May-2025 08:46:42 UTC] PHP Warning:  Undefined array key 0 in /opt/lampp/htdocs/wpdev/wp-content/themes/aistudio/header.php on line 206
[13-May-2025 08:46:44 UTC] PHP Warning:  Undefined array key 0 in /opt/lampp/htdocs/wpdev/wp-content/themes/aistudio/header.php on line 206
[13-May-2025 08:46:44 UTC] PHP Warning:  Undefined array key 0 in /opt/lampp/htdocs/wpdev/wp-content/themes/aistudio/header.php on line 206
[13-May-2025 08:49:52 UTC] PHP Warning:  Undefined array key 0 in /opt/lampp/htdocs/wpdev/wp-content/themes/aistudio/header.php on line 206
[13-May-2025 08:49:52 UTC] PHP Warning:  Undefined array key 0 in /opt/lampp/htdocs/wpdev/wp-content/themes/aistudio/header.php on line 206
[13-May-2025 08:51:12 UTC] PHP Warning:  Undefined array key 0 in /opt/lampp/htdocs/wpdev/wp-content/themes/aistudio/header.php on line 206
[13-May-2025 08:51:12 UTC] PHP Warning:  Undefined array key 0 in /opt/lampp/htdocs/wpdev/wp-content/themes/aistudio/header.php on line 206
[13-May-2025 08:51:16 UTC] PHP Warning:  Undefined array key 0 in /opt/lampp/htdocs/wpdev/wp-content/themes/aistudio/header.php on line 206
[13-May-2025 08:51:16 UTC] PHP Warning:  Undefined array key 0 in /opt/lampp/htdocs/wpdev/wp-content/themes/aistudio/header.php on line 206
[13-May-2025 08:55:10 UTC] PHP Warning:  Undefined array key 0 in /opt/lampp/htdocs/wpdev/wp-content/themes/aistudio/header.php on line 206
[13-May-2025 08:55:10 UTC] PHP Warning:  Undefined array key 0 in /opt/lampp/htdocs/wpdev/wp-content/themes/aistudio/header.php on line 206
[13-May-2025 08:56:26 UTC] PHP Warning:  Undefined array key 0 in /opt/lampp/htdocs/wpdev/wp-content/themes/aistudio/header.php on line 206
[13-May-2025 08:56:26 UTC] PHP Warning:  Undefined array key 0 in /opt/lampp/htdocs/wpdev/wp-content/themes/aistudio/header.php on line 206
[13-May-2025 08:59:01 UTC] PHP Warning:  Undefined array key 0 in /opt/lampp/htdocs/wpdev/wp-content/themes/aistudio/header.php on line 209
[13-May-2025 08:59:01 UTC] PHP Warning:  Undefined array key 0 in /opt/lampp/htdocs/wpdev/wp-content/themes/aistudio/header.php on line 209
[13-May-2025 08:59:05 UTC] PHP Warning:  Undefined array key 0 in /opt/lampp/htdocs/wpdev/wp-content/themes/aistudio/header.php on line 209
[13-May-2025 08:59:05 UTC] PHP Warning:  Undefined array key 0 in /opt/lampp/htdocs/wpdev/wp-content/themes/aistudio/header.php on line 209
[13-May-2025 08:59:10 UTC] PHP Warning:  Undefined array key 0 in /opt/lampp/htdocs/wpdev/wp-content/themes/aistudio/header.php on line 209
[13-May-2025 08:59:10 UTC] PHP Warning:  Undefined array key 0 in /opt/lampp/htdocs/wpdev/wp-content/themes/aistudio/header.php on line 209
[13-May-2025 08:59:14 UTC] PHP Warning:  Undefined array key 0 in /opt/lampp/htdocs/wpdev/wp-content/themes/aistudio/header.php on line 209
[13-May-2025 08:59:14 UTC] PHP Warning:  Undefined array key 0 in /opt/lampp/htdocs/wpdev/wp-content/themes/aistudio/header.php on line 209
[13-May-2025 08:59:25 UTC] PHP Warning:  Undefined array key 0 in /opt/lampp/htdocs/wpdev/wp-content/themes/aistudio/header.php on line 209
[13-May-2025 08:59:25 UTC] PHP Warning:  Undefined array key 0 in /opt/lampp/htdocs/wpdev/wp-content/themes/aistudio/header.php on line 209
[13-May-2025 09:00:26 UTC] PHP Warning:  Undefined array key 0 in /opt/lampp/htdocs/wpdev/wp-content/themes/aistudio/header.php on line 209
[13-May-2025 09:00:26 UTC] PHP Warning:  Undefined array key 0 in /opt/lampp/htdocs/wpdev/wp-content/themes/aistudio/header.php on line 209
[13-May-2025 09:01:37 UTC] PHP Warning:  Undefined array key 0 in /opt/lampp/htdocs/wpdev/wp-content/themes/aistudio/header.php on line 209
[13-May-2025 09:01:37 UTC] PHP Warning:  Undefined array key 0 in /opt/lampp/htdocs/wpdev/wp-content/themes/aistudio/header.php on line 209
[13-May-2025 09:01:45 UTC] PHP Warning:  Undefined array key 0 in /opt/lampp/htdocs/wpdev/wp-content/themes/aistudio/header.php on line 209
[13-May-2025 09:01:45 UTC] PHP Warning:  Undefined array key 0 in /opt/lampp/htdocs/wpdev/wp-content/themes/aistudio/header.php on line 209
[13-May-2025 09:01:58 UTC] PHP Warning:  Undefined array key 0 in /opt/lampp/htdocs/wpdev/wp-content/themes/aistudio/header.php on line 209
[13-May-2025 09:01:58 UTC] PHP Warning:  Undefined array key 0 in /opt/lampp/htdocs/wpdev/wp-content/themes/aistudio/header.php on line 209
[13-May-2025 09:34:33 UTC] PHP Warning:  Undefined array key 0 in /opt/lampp/htdocs/wpdev/wp-content/themes/aistudio/header.php on line 209
[13-May-2025 09:35:25 UTC] PHP Warning:  Undefined array key 0 in /opt/lampp/htdocs/wpdev/wp-content/themes/aistudio/header.php on line 209
[13-May-2025 09:35:25 UTC] PHP Warning:  Undefined array key 0 in /opt/lampp/htdocs/wpdev/wp-content/themes/aistudio/header.php on line 209
[13-May-2025 09:35:33 UTC] PHP Warning:  Undefined array key 0 in /opt/lampp/htdocs/wpdev/wp-content/themes/aistudio/header.php on line 209
[13-May-2025 09:35:33 UTC] PHP Warning:  Undefined array key 0 in /opt/lampp/htdocs/wpdev/wp-content/themes/aistudio/header.php on line 209
[13-May-2025 09:35:37 UTC] PHP Warning:  Undefined array key 0 in /opt/lampp/htdocs/wpdev/wp-content/themes/aistudio/header.php on line 209
[13-May-2025 09:41:23 UTC] PHP Warning:  Undefined array key 0 in /opt/lampp/htdocs/wpdev/wp-content/themes/aistudio/header.php on line 209
[13-May-2025 09:43:03 UTC] PHP Warning:  Undefined array key 0 in /opt/lampp/htdocs/wpdev/wp-content/themes/aistudio/header.php on line 209
[13-May-2025 09:46:25 UTC] PHP Warning:  Undefined array key 0 in /opt/lampp/htdocs/wpdev/wp-content/themes/aistudio/header.php on line 209
[13-May-2025 09:46:27 UTC] PHP Warning:  Undefined array key 0 in /opt/lampp/htdocs/wpdev/wp-content/themes/aistudio/header.php on line 209
[13-May-2025 09:46:27 UTC] PHP Warning:  Undefined array key 0 in /opt/lampp/htdocs/wpdev/wp-content/themes/aistudio/header.php on line 209
[13-May-2025 09:46:29 UTC] PHP Warning:  Undefined array key 0 in /opt/lampp/htdocs/wpdev/wp-content/themes/aistudio/header.php on line 209
[13-May-2025 09:48:00 UTC] PHP Warning:  Undefined array key 0 in /opt/lampp/htdocs/wpdev/wp-content/themes/aistudio/header.php on line 209
[13-May-2025 09:48:38 UTC] PHP Warning:  Undefined array key 0 in /opt/lampp/htdocs/wpdev/wp-content/themes/aistudio/header.php on line 209
[13-May-2025 09:53:01 UTC] PHP Warning:  Undefined array key 0 in /opt/lampp/htdocs/wpdev/wp-content/themes/aistudio/header.php on line 209
[13-May-2025 09:54:22 UTC] PHP Warning:  Undefined array key 0 in /opt/lampp/htdocs/wpdev/wp-content/themes/aistudio/header.php on line 209
[13-May-2025 09:54:29 UTC] PHP Warning:  Undefined array key 0 in /opt/lampp/htdocs/wpdev/wp-content/themes/aistudio/header.php on line 209
[13-May-2025 09:54:32 UTC] PHP Warning:  Undefined array key 0 in /opt/lampp/htdocs/wpdev/wp-content/themes/aistudio/header.php on line 209
[13-May-2025 09:54:32 UTC] PHP Warning:  Undefined array key 0 in /opt/lampp/htdocs/wpdev/wp-content/themes/aistudio/header.php on line 209
[13-May-2025 09:56:28 UTC] PHP Warning:  Undefined array key 0 in /opt/lampp/htdocs/wpdev/wp-content/themes/aistudio/header.php on line 209
[13-May-2025 09:58:01 UTC] PHP Warning:  Undefined array key 0 in /opt/lampp/htdocs/wpdev/wp-content/themes/aistudio/header.php on line 209
[13-May-2025 09:58:01 UTC] PHP Warning:  Undefined array key 0 in /opt/lampp/htdocs/wpdev/wp-content/themes/aistudio/header.php on line 209
[13-May-2025 09:58:45 UTC] PHP Warning:  Undefined array key 0 in /opt/lampp/htdocs/wpdev/wp-content/themes/aistudio/header.php on line 209
[13-May-2025 09:58:45 UTC] PHP Warning:  Undefined array key 0 in /opt/lampp/htdocs/wpdev/wp-content/themes/aistudio/header.php on line 209
[13-May-2025 09:59:13 UTC] PHP Warning:  Undefined array key 0 in /opt/lampp/htdocs/wpdev/wp-content/themes/aistudio/header.php on line 209
[13-May-2025 09:59:13 UTC] PHP Warning:  Undefined array key 0 in /opt/lampp/htdocs/wpdev/wp-content/themes/aistudio/header.php on line 209
[13-May-2025 09:59:31 UTC] PHP Warning:  Undefined array key 0 in /opt/lampp/htdocs/wpdev/wp-content/themes/aistudio/header.php on line 209
[13-May-2025 09:59:31 UTC] PHP Warning:  Undefined array key 0 in /opt/lampp/htdocs/wpdev/wp-content/themes/aistudio/header.php on line 209
[13-May-2025 09:59:33 UTC] PHP Warning:  Undefined array key 0 in /opt/lampp/htdocs/wpdev/wp-content/themes/aistudio/header.php on line 209
[13-May-2025 09:59:38 UTC] PHP Warning:  Undefined array key 0 in /opt/lampp/htdocs/wpdev/wp-content/themes/aistudio/header.php on line 209
[13-May-2025 09:59:38 UTC] PHP Warning:  Undefined array key 0 in /opt/lampp/htdocs/wpdev/wp-content/themes/aistudio/header.php on line 209
[13-May-2025 09:59:40 UTC] PHP Warning:  Undefined array key 0 in /opt/lampp/htdocs/wpdev/wp-content/themes/aistudio/header.php on line 209
[13-May-2025 09:59:43 UTC] PHP Warning:  Undefined array key 0 in /opt/lampp/htdocs/wpdev/wp-content/themes/aistudio/header.php on line 209
[13-May-2025 09:59:43 UTC] PHP Warning:  Undefined array key 0 in /opt/lampp/htdocs/wpdev/wp-content/themes/aistudio/header.php on line 209
[13-May-2025 10:11:35 UTC] PHP Warning:  Undefined array key 0 in /opt/lampp/htdocs/wpdev/wp-content/themes/aistudio/header.php on line 209
[13-May-2025 10:18:20 UTC] PHP Warning:  wp_version_check(): Đã xảy ra lỗi không mong muốn. Có thể có sự cố với WordPress.org hoặc cấu hình của máy chủ. Nếu bạn tiếp tục gặp sự cố, vui lòng thử hỏi trong <a href="https://wordpress.org/support/forums/">diễn đàn hỗ trợ</a>. (WordPress không thể thiết lập kết nối an toàn tới WordPress.org. Vui lòng liên hệ quản trị máy chủ của bạn.) in /opt/lampp/htdocs/wpdev/wp-includes/functions.php on line 6114
[13-May-2025 10:23:34 UTC] PHP Warning:  Undefined array key 0 in /opt/lampp/htdocs/wpdev/wp-content/themes/aistudio/header.php on line 209
[13-May-2025 10:25:39 UTC] PHP Warning:  Undefined array key 0 in /opt/lampp/htdocs/wpdev/wp-content/themes/aistudio/header.php on line 209
[13-May-2025 10:29:05 UTC] PHP Warning:  Undefined array key 0 in /opt/lampp/htdocs/wpdev/wp-content/themes/aistudio/header.php on line 209
[13-May-2025 10:35:33 UTC] PHP Warning:  Undefined array key 0 in /opt/lampp/htdocs/wpdev/wp-content/themes/aistudio/header.php on line 209
[13-May-2025 10:38:28 UTC] PHP Warning:  Undefined array key 0 in /opt/lampp/htdocs/wpdev/wp-content/themes/aistudio/header.php on line 209
[13-May-2025 10:38:28 UTC] PHP Warning:  Undefined variable $url in /opt/lampp/htdocs/wpdev/wp-content/themes/aistudio/template-parts/post/item.php on line 4
[13-May-2025 10:38:28 UTC] PHP Warning:  Undefined variable $url in /opt/lampp/htdocs/wpdev/wp-content/themes/aistudio/template-parts/post/item.php on line 4
[13-May-2025 10:38:28 UTC] PHP Warning:  Undefined variable $url in /opt/lampp/htdocs/wpdev/wp-content/themes/aistudio/template-parts/post/item.php on line 4
[13-May-2025 10:38:28 UTC] PHP Warning:  Undefined variable $url in /opt/lampp/htdocs/wpdev/wp-content/themes/aistudio/template-parts/post/item.php on line 4
[13-May-2025 10:38:40 UTC] PHP Warning:  Undefined array key 0 in /opt/lampp/htdocs/wpdev/wp-content/themes/aistudio/header.php on line 209
[13-May-2025 10:40:09 UTC] PHP Warning:  Undefined array key 0 in /opt/lampp/htdocs/wpdev/wp-content/themes/aistudio/header.php on line 209
[13-May-2025 10:40:11 UTC] PHP Warning:  Undefined array key 0 in /opt/lampp/htdocs/wpdev/wp-content/themes/aistudio/header.php on line 209
[13-May-2025 10:40:34 UTC] PHP Warning:  Undefined array key 0 in /opt/lampp/htdocs/wpdev/wp-content/themes/aistudio/header.php on line 209
[13-May-2025 10:42:17 UTC] PHP Warning:  Undefined array key 0 in /opt/lampp/htdocs/wpdev/wp-content/themes/aistudio/header.php on line 209
[13-May-2025 10:42:46 UTC] PHP Warning:  Undefined array key 0 in /opt/lampp/htdocs/wpdev/wp-content/themes/aistudio/header.php on line 209
[13-May-2025 10:45:04 UTC] PHP Warning:  Undefined array key 0 in /opt/lampp/htdocs/wpdev/wp-content/themes/aistudio/header.php on line 209
[13-May-2025 10:46:34 UTC] PHP Warning:  wp_update_plugins(): Đã xảy ra lỗi không mong muốn. Có thể có sự cố với WordPress.org hoặc cấu hình của máy chủ. Nếu bạn tiếp tục gặp sự cố, vui lòng thử hỏi trong <a href="https://wordpress.org/support/forums/">diễn đàn hỗ trợ</a>. (WordPress không thể thiết lập kết nối an toàn tới WordPress.org. Vui lòng liên hệ quản trị máy chủ của bạn.) in /opt/lampp/htdocs/wpdev/wp-includes/functions.php on line 6114
[13-May-2025 10:51:52 UTC] PHP Warning:  Undefined array key 0 in /opt/lampp/htdocs/wpdev/wp-content/themes/aistudio/header.php on line 209
[13-May-2025 10:51:59 UTC] PHP Warning:  Undefined array key 0 in /opt/lampp/htdocs/wpdev/wp-content/themes/aistudio/header.php on line 209
[13-May-2025 10:52:37 UTC] PHP Warning:  Undefined array key 0 in /opt/lampp/htdocs/wpdev/wp-content/themes/aistudio/header.php on line 209
[13-May-2025 10:52:58 UTC] PHP Warning:  Undefined array key 0 in /opt/lampp/htdocs/wpdev/wp-content/themes/aistudio/header.php on line 209
[13-May-2025 10:56:18 UTC] PHP Warning:  Undefined array key 0 in /opt/lampp/htdocs/wpdev/wp-content/themes/aistudio/header.php on line 209
[13-May-2025 10:59:46 UTC] PHP Warning:  Undefined array key 0 in /opt/lampp/htdocs/wpdev/wp-content/themes/aistudio/header.php on line 209
[13-May-2025 11:00:58 UTC] PHP Warning:  Undefined array key 0 in /opt/lampp/htdocs/wpdev/wp-content/themes/aistudio/header.php on line 209
[13-May-2025 11:01:35 UTC] PHP Warning:  Undefined array key 0 in /opt/lampp/htdocs/wpdev/wp-content/themes/aistudio/header.php on line 209
[13-May-2025 11:03:22 UTC] PHP Warning:  Undefined array key 0 in /opt/lampp/htdocs/wpdev/wp-content/themes/aistudio/header.php on line 209
[13-May-2025 11:03:44 UTC] PHP Warning:  Undefined array key 0 in /opt/lampp/htdocs/wpdev/wp-content/themes/aistudio/header.php on line 209
[13-May-2025 11:04:57 UTC] PHP Warning:  Undefined array key 0 in /opt/lampp/htdocs/wpdev/wp-content/themes/aistudio/header.php on line 209
[13-May-2025 11:05:24 UTC] PHP Warning:  Undefined array key 0 in /opt/lampp/htdocs/wpdev/wp-content/themes/aistudio/header.php on line 209
[13-May-2025 11:08:26 UTC] PHP Warning:  Undefined array key 0 in /opt/lampp/htdocs/wpdev/wp-content/themes/aistudio/header.php on line 209
[13-May-2025 11:08:38 UTC] PHP Warning:  Undefined array key 0 in /opt/lampp/htdocs/wpdev/wp-content/themes/aistudio/header.php on line 209
[13-May-2025 11:08:38 UTC] PHP Warning:  Undefined array key 0 in /opt/lampp/htdocs/wpdev/wp-content/themes/aistudio/header.php on line 209
[13-May-2025 11:08:40 UTC] PHP Warning:  Undefined array key 0 in /opt/lampp/htdocs/wpdev/wp-content/themes/aistudio/header.php on line 209
[13-May-2025 11:10:22 UTC] PHP Warning:  Undefined array key 0 in /opt/lampp/htdocs/wpdev/wp-content/themes/aistudio/header.php on line 209
[13-May-2025 11:10:22 UTC] PHP Warning:  Undefined array key 0 in /opt/lampp/htdocs/wpdev/wp-content/themes/aistudio/header.php on line 209
[13-May-2025 11:14:47 UTC] PHP Warning:  Undefined array key 0 in /opt/lampp/htdocs/wpdev/wp-content/themes/aistudio/header.php on line 209
[13-May-2025 11:15:07 UTC] PHP Warning:  Undefined array key 0 in /opt/lampp/htdocs/wpdev/wp-content/themes/aistudio/header.php on line 209
[13-May-2025 11:15:10 UTC] PHP Warning:  Undefined array key 0 in /opt/lampp/htdocs/wpdev/wp-content/themes/aistudio/header.php on line 209
[13-May-2025 11:15:10 UTC] PHP Warning:  Undefined array key 0 in /opt/lampp/htdocs/wpdev/wp-content/themes/aistudio/header.php on line 209
[13-May-2025 11:15:12 UTC] PHP Warning:  Undefined array key 0 in /opt/lampp/htdocs/wpdev/wp-content/themes/aistudio/header.php on line 209
[13-May-2025 11:15:14 UTC] PHP Warning:  Undefined array key 0 in /opt/lampp/htdocs/wpdev/wp-content/themes/aistudio/header.php on line 209
[13-May-2025 11:15:14 UTC] PHP Warning:  Undefined array key 0 in /opt/lampp/htdocs/wpdev/wp-content/themes/aistudio/header.php on line 209
[13-May-2025 11:15:20 UTC] PHP Warning:  Undefined array key 0 in /opt/lampp/htdocs/wpdev/wp-content/themes/aistudio/header.php on line 209
[13-May-2025 11:15:49 UTC] PHP Warning:  Undefined array key 0 in /opt/lampp/htdocs/wpdev/wp-content/themes/aistudio/header.php on line 209
[13-May-2025 11:15:49 UTC] PHP Warning:  Undefined array key 0 in /opt/lampp/htdocs/wpdev/wp-content/themes/aistudio/header.php on line 209
[13-May-2025 11:15:51 UTC] PHP Warning:  Undefined array key 0 in /opt/lampp/htdocs/wpdev/wp-content/themes/aistudio/header.php on line 209
[13-May-2025 11:16:04 UTC] PHP Warning:  Undefined array key 0 in /opt/lampp/htdocs/wpdev/wp-content/themes/aistudio/header.php on line 209
[13-May-2025 11:16:04 UTC] PHP Warning:  Undefined array key 0 in /opt/lampp/htdocs/wpdev/wp-content/themes/aistudio/header.php on line 209
[13-May-2025 11:16:16 UTC] PHP Warning:  Undefined array key 0 in /opt/lampp/htdocs/wpdev/wp-content/themes/aistudio/header.php on line 209
[13-May-2025 11:16:49 UTC] PHP Warning:  wp_update_themes(): Đã xảy ra lỗi không mong muốn. Có thể có sự cố với WordPress.org hoặc cấu hình của máy chủ. Nếu bạn tiếp tục gặp sự cố, vui lòng thử hỏi trong <a href="https://wordpress.org/support/forums/">diễn đàn hỗ trợ</a>. (WordPress không thể thiết lập kết nối an toàn tới WordPress.org. Vui lòng liên hệ quản trị máy chủ của bạn.) in /opt/lampp/htdocs/wpdev/wp-includes/functions.php on line 6114
